{"C:\\Users\\axeld\\Projets\\node\\express\\HomeFinder\\app.js": {"path":"C:\\Users\\axeld\\Projets\\node\\express\\HomeFinder\\app.js","statementMap":{"0":{"start":{"line":6,"column":0},"end":{"line":6,"column":27}},"1":{"start":{"line":7,"column":10},"end":{"line":7,"column":38}},"2":{"start":{"line":8,"column":15},"end":{"line":8,"column":44}},"3":{"start":{"line":9,"column":12},"end":{"line":9,"column":46}},"4":{"start":{"line":10,"column":11},"end":{"line":10,"column":26}},"5":{"start":{"line":17,"column":2},"end":{"line":17,"column":27}},"6":{"start":{"line":22,"column":13},"end":{"line":22,"column":54}},"7":{"start":{"line":23,"column":2},"end":{"line":23,"column":24}},"8":{"start":{"line":29,"column":15},"end":{"line":29,"column":37}},"9":{"start":{"line":35,"column":2},"end":{"line":35,"column":22}},"10":{"start":{"line":36,"column":2},"end":{"line":36,"column":30}},"11":{"start":{"line":37,"column":2},"end":{"line":37,"column":38}},"12":{"start":{"line":44,"column":15},"end":{"line":44,"column":32}},"13":{"start":{"line":46,"column":4},"end":{"line":49,"column":5}},"14":{"start":{"line":48,"column":6},"end":{"line":48,"column":17}},"15":{"start":{"line":51,"column":4},"end":{"line":54,"column":5}},"16":{"start":{"line":53,"column":6},"end":{"line":53,"column":18}},"17":{"start":{"line":56,"column":4},"end":{"line":56,"column":17}},"18":{"start":{"line":64,"column":4},"end":{"line":66,"column":5}},"19":{"start":{"line":65,"column":6},"end":{"line":65,"column":18}},"20":{"start":{"line":68,"column":15},"end":{"line":70,"column":22}},"21":{"start":{"line":73,"column":4},"end":{"line":84,"column":5}},"22":{"start":{"line":75,"column":8},"end":{"line":75,"column":62}},"23":{"start":{"line":76,"column":8},"end":{"line":76,"column":24}},"24":{"start":{"line":77,"column":8},"end":{"line":77,"column":14}},"25":{"start":{"line":79,"column":8},"end":{"line":79,"column":51}},"26":{"start":{"line":80,"column":8},"end":{"line":80,"column":24}},"27":{"start":{"line":81,"column":8},"end":{"line":81,"column":14}},"28":{"start":{"line":83,"column":8},"end":{"line":83,"column":20}},"29":{"start":{"line":92,"column":15},"end":{"line":92,"column":31}},"30":{"start":{"line":93,"column":15},"end":{"line":93,"column":78}},"31":{"start":{"line":95,"column":4},"end":{"line":95,"column":34}},"32":{"start":{"line":102,"column":0},"end":{"line":102,"column":14}}},"fnMap":{"0":{"name":"startServer","decl":{"start":{"line":13,"column":15},"end":{"line":13,"column":26}},"loc":{"start":{"line":13,"column":29},"end":{"line":100,"column":1}},"line":13},"1":{"name":"normalizePort","decl":{"start":{"line":43,"column":11},"end":{"line":43,"column":24}},"loc":{"start":{"line":43,"column":30},"end":{"line":57,"column":3}},"line":43},"2":{"name":"onError","decl":{"start":{"line":63,"column":11},"end":{"line":63,"column":18}},"loc":{"start":{"line":63,"column":26},"end":{"line":85,"column":3}},"line":63},"3":{"name":"onListening","decl":{"start":{"line":91,"column":11},"end":{"line":91,"column":22}},"loc":{"start":{"line":91,"column":25},"end":{"line":99,"column":3}},"line":91}},"branchMap":{"0":{"loc":{"start":{"line":22,"column":27},"end":{"line":22,"column":53}},"type":"binary-expr","locations":[{"start":{"line":22,"column":27},"end":{"line":22,"column":43}},{"start":{"line":22,"column":47},"end":{"line":22,"column":53}}],"line":22},"1":{"loc":{"start":{"line":46,"column":4},"end":{"line":49,"column":5}},"type":"if","locations":[{"start":{"line":46,"column":4},"end":{"line":49,"column":5}},{"start":{},"end":{}}],"line":46},"2":{"loc":{"start":{"line":51,"column":4},"end":{"line":54,"column":5}},"type":"if","locations":[{"start":{"line":51,"column":4},"end":{"line":54,"column":5}},{"start":{},"end":{}}],"line":51},"3":{"loc":{"start":{"line":64,"column":4},"end":{"line":66,"column":5}},"type":"if","locations":[{"start":{"line":64,"column":4},"end":{"line":66,"column":5}},{"start":{},"end":{}}],"line":64},"4":{"loc":{"start":{"line":68,"column":15},"end":{"line":70,"column":22}},"type":"cond-expr","locations":[{"start":{"line":69,"column":8},"end":{"line":69,"column":22}},{"start":{"line":70,"column":8},"end":{"line":70,"column":22}}],"line":68},"5":{"loc":{"start":{"line":73,"column":4},"end":{"line":84,"column":5}},"type":"switch","locations":[{"start":{"line":74,"column":6},"end":{"line":77,"column":14}},{"start":{"line":78,"column":6},"end":{"line":81,"column":14}},{"start":{"line":82,"column":6},"end":{"line":83,"column":20}}],"line":73},"6":{"loc":{"start":{"line":93,"column":15},"end":{"line":93,"column":78}},"type":"cond-expr","locations":[{"start":{"line":93,"column":42},"end":{"line":93,"column":56}},{"start":{"line":93,"column":59},"end":{"line":93,"column":78}}],"line":93}},"s":{"0":1,"1":1,"2":1,"3":1,"4":1,"5":1,"6":1,"7":1,"8":1,"9":1,"10":1,"11":1,"12":1,"13":1,"14":0,"15":1,"16":1,"17":0,"18":0,"19":0,"20":0,"21":0,"22":0,"23":0,"24":0,"25":0,"26":0,"27":0,"28":0,"29":1,"30":1,"31":1,"32":1},"f":{"0":1,"1":1,"2":0,"3":1},"b":{"0":[1,0],"1":[0,1],"2":[1,0],"3":[0,0],"4":[0,0],"5":[0,0,0],"6":[0,1]},"_coverageSchema":"1a1c01bbd47fc00a2c39e90264f33305004495a9","hash":"06319a036bd086b466db1fe41c28f2203b9acede"}
,"C:\\Users\\axeld\\Projets\\node\\express\\HomeFinder\\api\\controllers\\auth.js": {"path":"C:\\Users\\axeld\\Projets\\node\\express\\HomeFinder\\api\\controllers\\auth.js","statementMap":{"0":{"start":{"line":3,"column":16},"end":{"line":3,"column":34}},"1":{"start":{"line":4,"column":20},"end":{"line":4,"column":50}},"2":{"start":{"line":6,"column":0},"end":{"line":16,"column":2}},"3":{"start":{"line":7,"column":4},"end":{"line":7,"column":28}},"4":{"start":{"line":8,"column":2},"end":{"line":15,"column":3}},"5":{"start":{"line":9,"column":38},"end":{"line":9,"column":46}},"6":{"start":{"line":10,"column":19},"end":{"line":10,"column":72}},"7":{"start":{"line":11,"column":4},"end":{"line":11,"column":23}},"8":{"start":{"line":12,"column":4},"end":{"line":12,"column":48}},"9":{"start":{"line":14,"column":4},"end":{"line":14,"column":59}},"10":{"start":{"line":18,"column":0},"end":{"line":31,"column":2}},"11":{"start":{"line":19,"column":2},"end":{"line":19,"column":23}},"12":{"start":{"line":20,"column":2},"end":{"line":30,"column":3}},"13":{"start":{"line":21,"column":34},"end":{"line":21,"column":42}},"14":{"start":{"line":22,"column":21},"end":{"line":22,"column":61}},"15":{"start":{"line":25,"column":6},"end":{"line":25,"column":35}},"16":{"start":{"line":29,"column":6},"end":{"line":29,"column":54}},"17":{"start":{"line":32,"column":0},"end":{"line":41,"column":2}},"18":{"start":{"line":33,"column":4},"end":{"line":33,"column":27}},"19":{"start":{"line":34,"column":2},"end":{"line":40,"column":3}},"20":{"start":{"line":35,"column":29},"end":{"line":35,"column":37}},"21":{"start":{"line":36,"column":19},"end":{"line":36,"column":63}},"22":{"start":{"line":37,"column":4},"end":{"line":37,"column":33}},"23":{"start":{"line":39,"column":4},"end":{"line":39,"column":54}}},"fnMap":{"0":{"name":"(anonymous_0)","decl":{"start":{"line":6,"column":19},"end":{"line":6,"column":20}},"loc":{"start":{"line":6,"column":39},"end":{"line":16,"column":1}},"line":6},"1":{"name":"(anonymous_1)","decl":{"start":{"line":18,"column":16},"end":{"line":18,"column":17}},"loc":{"start":{"line":18,"column":36},"end":{"line":31,"column":1}},"line":18},"2":{"name":"(anonymous_2)","decl":{"start":{"line":32,"column":18},"end":{"line":32,"column":19}},"loc":{"start":{"line":32,"column":38},"end":{"line":41,"column":1}},"line":32}},"branchMap":{},"s":{"0":2,"1":2,"2":2,"3":2,"4":2,"5":2,"6":0,"7":0,"8":0,"9":2,"10":2,"11":2,"12":2,"13":2,"14":0,"15":0,"16":2,"17":2,"18":2,"19":2,"20":2,"21":0,"22":0,"23":2},"f":{"0":2,"1":2,"2":2},"b":{},"_coverageSchema":"1a1c01bbd47fc00a2c39e90264f33305004495a9","hash":"365252b0f6c7b208ebddb7293155000470c84888"}
,"C:\\Users\\axeld\\Projets\\node\\express\\HomeFinder\\api\\controllers\\dpe.js": {"path":"C:\\Users\\axeld\\Projets\\node\\express\\HomeFinder\\api\\controllers\\dpe.js","statementMap":{"0":{"start":{"line":5,"column":16},"end":{"line":5,"column":45}},"1":{"start":{"line":6,"column":14},"end":{"line":6,"column":50}},"2":{"start":{"line":9,"column":0},"end":{"line":23,"column":2}},"3":{"start":{"line":10,"column":2},"end":{"line":10,"column":19}},"4":{"start":{"line":11,"column":1},"end":{"line":22,"column":3}},"5":{"start":{"line":13,"column":16},"end":{"line":13,"column":42}},"6":{"start":{"line":15,"column":4},"end":{"line":18,"column":61}},"7":{"start":{"line":16,"column":8},"end":{"line":16,"column":34}},"8":{"start":{"line":18,"column":6},"end":{"line":18,"column":61}},"9":{"start":{"line":21,"column":4},"end":{"line":21,"column":61}},"10":{"start":{"line":25,"column":0},"end":{"line":41,"column":2}},"11":{"start":{"line":26,"column":15},"end":{"line":26,"column":30}},"12":{"start":{"line":27,"column":16},"end":{"line":27,"column":29}},"13":{"start":{"line":28,"column":16},"end":{"line":28,"column":29}},"14":{"start":{"line":29,"column":16},"end":{"line":29,"column":30}},"15":{"start":{"line":31,"column":4},"end":{"line":40,"column":9}},"16":{"start":{"line":32,"column":20},"end":{"line":32,"column":62}},"17":{"start":{"line":33,"column":8},"end":{"line":36,"column":65}},"18":{"start":{"line":34,"column":12},"end":{"line":34,"column":38}},"19":{"start":{"line":36,"column":10},"end":{"line":36,"column":65}},"20":{"start":{"line":39,"column":8},"end":{"line":39,"column":65}},"21":{"start":{"line":43,"column":0},"end":{"line":61,"column":2}},"22":{"start":{"line":44,"column":13},"end":{"line":44,"column":28}},"23":{"start":{"line":45,"column":14},"end":{"line":45,"column":27}},"24":{"start":{"line":46,"column":14},"end":{"line":46,"column":27}},"25":{"start":{"line":47,"column":21},"end":{"line":47,"column":41}},"26":{"start":{"line":48,"column":15},"end":{"line":48,"column":29}},"27":{"start":{"line":49,"column":14},"end":{"line":49,"column":28}},"28":{"start":{"line":51,"column":2},"end":{"line":60,"column":7}},"29":{"start":{"line":52,"column":18},"end":{"line":52,"column":82}},"30":{"start":{"line":53,"column":6},"end":{"line":56,"column":63}},"31":{"start":{"line":54,"column":10},"end":{"line":54,"column":36}},"32":{"start":{"line":56,"column":8},"end":{"line":56,"column":63}},"33":{"start":{"line":59,"column":6},"end":{"line":59,"column":63}},"34":{"start":{"line":65,"column":0},"end":{"line":80,"column":1}},"35":{"start":{"line":66,"column":4},"end":{"line":66,"column":29}},"36":{"start":{"line":68,"column":15},"end":{"line":68,"column":30}},"37":{"start":{"line":69,"column":16},"end":{"line":69,"column":29}},"38":{"start":{"line":70,"column":16},"end":{"line":70,"column":29}},"39":{"start":{"line":71,"column":17},"end":{"line":71,"column":31}},"40":{"start":{"line":73,"column":4},"end":{"line":79,"column":5}},"41":{"start":{"line":74,"column":23},"end":{"line":74,"column":72}},"42":{"start":{"line":75,"column":8},"end":{"line":75,"column":37}},"43":{"start":{"line":77,"column":8},"end":{"line":77,"column":51}},"44":{"start":{"line":78,"column":8},"end":{"line":78,"column":62}},"45":{"start":{"line":82,"column":0},"end":{"line":99,"column":1}},"46":{"start":{"line":83,"column":4},"end":{"line":83,"column":29}},"47":{"start":{"line":85,"column":15},"end":{"line":85,"column":30}},"48":{"start":{"line":86,"column":16},"end":{"line":86,"column":29}},"49":{"start":{"line":87,"column":16},"end":{"line":87,"column":29}},"50":{"start":{"line":88,"column":23},"end":{"line":88,"column":43}},"51":{"start":{"line":89,"column":17},"end":{"line":89,"column":31}},"52":{"start":{"line":90,"column":16},"end":{"line":90,"column":30}},"53":{"start":{"line":92,"column":4},"end":{"line":98,"column":5}},"54":{"start":{"line":93,"column":23},"end":{"line":93,"column":94}},"55":{"start":{"line":94,"column":8},"end":{"line":94,"column":37}},"56":{"start":{"line":96,"column":8},"end":{"line":96,"column":51}},"57":{"start":{"line":97,"column":8},"end":{"line":97,"column":62}},"58":{"start":{"line":101,"column":0},"end":{"line":115,"column":1}},"59":{"start":{"line":102,"column":4},"end":{"line":102,"column":35}},"60":{"start":{"line":104,"column":16},"end":{"line":104,"column":29}},"61":{"start":{"line":105,"column":16},"end":{"line":105,"column":30}},"62":{"start":{"line":107,"column":4},"end":{"line":114,"column":5}},"63":{"start":{"line":108,"column":23},"end":{"line":108,"column":68}},"64":{"start":{"line":109,"column":8},"end":{"line":109,"column":37}},"65":{"start":{"line":110,"column":8},"end":{"line":110,"column":28}},"66":{"start":{"line":112,"column":8},"end":{"line":112,"column":54}},"67":{"start":{"line":113,"column":8},"end":{"line":113,"column":65}}},"fnMap":{"0":{"name":"(anonymous_0)","decl":{"start":{"line":9,"column":17},"end":{"line":9,"column":18}},"loc":{"start":{"line":9,"column":43},"end":{"line":23,"column":1}},"line":9},"1":{"name":"(anonymous_1)","decl":{"start":{"line":25,"column":18},"end":{"line":25,"column":19}},"loc":{"start":{"line":25,"column":44},"end":{"line":41,"column":1}},"line":25},"2":{"name":"(anonymous_2)","decl":{"start":{"line":43,"column":22},"end":{"line":43,"column":23}},"loc":{"start":{"line":43,"column":48},"end":{"line":61,"column":1}},"line":43},"3":{"name":"(anonymous_3)","decl":{"start":{"line":65,"column":25},"end":{"line":65,"column":26}},"loc":{"start":{"line":65,"column":51},"end":{"line":80,"column":1}},"line":65},"4":{"name":"(anonymous_4)","decl":{"start":{"line":82,"column":29},"end":{"line":82,"column":30}},"loc":{"start":{"line":82,"column":55},"end":{"line":99,"column":1}},"line":82},"5":{"name":"(anonymous_5)","decl":{"start":{"line":101,"column":26},"end":{"line":101,"column":27}},"loc":{"start":{"line":101,"column":52},"end":{"line":115,"column":1}},"line":101}},"branchMap":{"0":{"loc":{"start":{"line":15,"column":4},"end":{"line":18,"column":61}},"type":"if","locations":[{"start":{"line":15,"column":4},"end":{"line":18,"column":61}},{"start":{"line":18,"column":6},"end":{"line":18,"column":61}}],"line":15},"1":{"loc":{"start":{"line":33,"column":8},"end":{"line":36,"column":65}},"type":"if","locations":[{"start":{"line":33,"column":8},"end":{"line":36,"column":65}},{"start":{"line":36,"column":10},"end":{"line":36,"column":65}}],"line":33},"2":{"loc":{"start":{"line":53,"column":6},"end":{"line":56,"column":63}},"type":"if","locations":[{"start":{"line":53,"column":6},"end":{"line":56,"column":63}},{"start":{"line":56,"column":8},"end":{"line":56,"column":63}}],"line":53}},"s":{"0":1,"1":1,"2":1,"3":0,"4":0,"5":0,"6":0,"7":0,"8":0,"9":0,"10":1,"11":0,"12":0,"13":0,"14":0,"15":0,"16":0,"17":0,"18":0,"19":0,"20":0,"21":1,"22":0,"23":0,"24":0,"25":0,"26":0,"27":0,"28":0,"29":0,"30":0,"31":0,"32":0,"33":0,"34":1,"35":0,"36":0,"37":0,"38":0,"39":0,"40":0,"41":0,"42":0,"43":0,"44":0,"45":1,"46":0,"47":0,"48":0,"49":0,"50":0,"51":0,"52":0,"53":0,"54":0,"55":0,"56":0,"57":0,"58":1,"59":0,"60":0,"61":0,"62":0,"63":0,"64":0,"65":0,"66":0,"67":0},"f":{"0":0,"1":0,"2":0,"3":0,"4":0,"5":0},"b":{"0":[0,0],"1":[0,0],"2":[0,0]},"_coverageSchema":"1a1c01bbd47fc00a2c39e90264f33305004495a9","hash":"2dba5b1dbf2de8850c5e923fb2d6a31419600e16"}
,"C:\\Users\\axeld\\Projets\\node\\express\\HomeFinder\\api\\controllers\\users.js": {"path":"C:\\Users\\axeld\\Projets\\node\\express\\HomeFinder\\api\\controllers\\users.js","statementMap":{"0":{"start":{"line":4,"column":18},"end":{"line":4,"column":47}},"1":{"start":{"line":5,"column":20},"end":{"line":5,"column":51}},"2":{"start":{"line":6,"column":14},"end":{"line":6,"column":51}},"3":{"start":{"line":7,"column":19},"end":{"line":7,"column":48}},"4":{"start":{"line":9,"column":0},"end":{"line":20,"column":2}},"5":{"start":{"line":10,"column":20},"end":{"line":10,"column":34}},"6":{"start":{"line":11,"column":8},"end":{"line":11,"column":27}},"7":{"start":{"line":13,"column":4},"end":{"line":13,"column":25}},"8":{"start":{"line":14,"column":21},"end":{"line":14,"column":53}},"9":{"start":{"line":15,"column":8},"end":{"line":19,"column":9}},"10":{"start":{"line":16,"column":12},"end":{"line":16,"column":39}},"11":{"start":{"line":18,"column":12},"end":{"line":18,"column":62}},"12":{"start":{"line":23,"column":0},"end":{"line":32,"column":4}},"13":{"start":{"line":24,"column":4},"end":{"line":31,"column":5}},"14":{"start":{"line":25,"column":24},"end":{"line":25,"column":38}},"15":{"start":{"line":26,"column":28},"end":{"line":26,"column":74}},"16":{"start":{"line":27,"column":6},"end":{"line":27,"column":42}},"17":{"start":{"line":29,"column":6},"end":{"line":29,"column":57}},"18":{"start":{"line":30,"column":6},"end":{"line":30,"column":63}},"19":{"start":{"line":34,"column":2},"end":{"line":45,"column":4}},"20":{"start":{"line":35,"column":4},"end":{"line":44,"column":5}},"21":{"start":{"line":36,"column":24},"end":{"line":36,"column":38}},"22":{"start":{"line":37,"column":23},"end":{"line":37,"column":46}},"23":{"start":{"line":38,"column":6},"end":{"line":38,"column":28}},"24":{"start":{"line":39,"column":21},"end":{"line":39,"column":76}},"25":{"start":{"line":40,"column":6},"end":{"line":40,"column":48}},"26":{"start":{"line":42,"column":6},"end":{"line":42,"column":56}},"27":{"start":{"line":43,"column":6},"end":{"line":43,"column":63}},"28":{"start":{"line":47,"column":2},"end":{"line":58,"column":4}},"29":{"start":{"line":48,"column":29},"end":{"line":48,"column":39}},"30":{"start":{"line":49,"column":23},"end":{"line":49,"column":37}},"31":{"start":{"line":51,"column":4},"end":{"line":57,"column":5}},"32":{"start":{"line":52,"column":21},"end":{"line":52,"column":87}},"33":{"start":{"line":53,"column":6},"end":{"line":53,"column":35}},"34":{"start":{"line":55,"column":6},"end":{"line":55,"column":66}},"35":{"start":{"line":56,"column":6},"end":{"line":56,"column":63}}},"fnMap":{"0":{"name":"(anonymous_0)","decl":{"start":{"line":9,"column":16},"end":{"line":9,"column":17}},"loc":{"start":{"line":9,"column":42},"end":{"line":20,"column":1}},"line":9},"1":{"name":"(anonymous_1)","decl":{"start":{"line":23,"column":30},"end":{"line":23,"column":31}},"loc":{"start":{"line":23,"column":56},"end":{"line":32,"column":3}},"line":23},"2":{"name":"(anonymous_2)","decl":{"start":{"line":34,"column":31},"end":{"line":34,"column":32}},"loc":{"start":{"line":34,"column":57},"end":{"line":45,"column":3}},"line":34},"3":{"name":"(anonymous_3)","decl":{"start":{"line":47,"column":27},"end":{"line":47,"column":28}},"loc":{"start":{"line":47,"column":47},"end":{"line":58,"column":3}},"line":47}},"branchMap":{"0":{"loc":{"start":{"line":15,"column":8},"end":{"line":19,"column":9}},"type":"if","locations":[{"start":{"line":15,"column":8},"end":{"line":19,"column":9}},{"start":{"line":17,"column":15},"end":{"line":19,"column":9}}],"line":15}},"s":{"0":1,"1":1,"2":1,"3":1,"4":1,"5":0,"6":0,"7":0,"8":0,"9":0,"10":0,"11":0,"12":1,"13":0,"14":0,"15":0,"16":0,"17":0,"18":0,"19":1,"20":0,"21":0,"22":0,"23":0,"24":0,"25":0,"26":0,"27":0,"28":1,"29":0,"30":0,"31":0,"32":0,"33":0,"34":0,"35":0},"f":{"0":0,"1":0,"2":0,"3":0},"b":{"0":[0,0]},"_coverageSchema":"1a1c01bbd47fc00a2c39e90264f33305004495a9","hash":"b29cf7d1d5abe222d5dca445e8414bf4d2ffe930"}
,"C:\\Users\\axeld\\Projets\\node\\express\\HomeFinder\\api\\middlewares\\authWithToken.js": {"path":"C:\\Users\\axeld\\Projets\\node\\express\\HomeFinder\\api\\middlewares\\authWithToken.js","statementMap":{"0":{"start":{"line":4,"column":12},"end":{"line":4,"column":35}},"1":{"start":{"line":8,"column":23},"end":{"line":8,"column":51}},"2":{"start":{"line":10,"column":18},"end":{"line":10,"column":56}},"3":{"start":{"line":13,"column":4},"end":{"line":13,"column":49}},"4":{"start":{"line":13,"column":23},"end":{"line":13,"column":49}},"5":{"start":{"line":16,"column":4},"end":{"line":24,"column":7}},"6":{"start":{"line":17,"column":6},"end":{"line":19,"column":7}},"7":{"start":{"line":18,"column":8},"end":{"line":18,"column":34}},"8":{"start":{"line":21,"column":6},"end":{"line":21,"column":28}},"9":{"start":{"line":23,"column":6},"end":{"line":23,"column":13}},"10":{"start":{"line":26,"column":2},"end":{"line":26,"column":37}}},"fnMap":{"0":{"name":"authenticateToken","decl":{"start":{"line":7,"column":9},"end":{"line":7,"column":26}},"loc":{"start":{"line":7,"column":43},"end":{"line":25,"column":3}},"line":7},"1":{"name":"(anonymous_1)","decl":{"start":{"line":16,"column":49},"end":{"line":16,"column":50}},"loc":{"start":{"line":16,"column":64},"end":{"line":24,"column":5}},"line":16}},"branchMap":{"0":{"loc":{"start":{"line":10,"column":18},"end":{"line":10,"column":56}},"type":"binary-expr","locations":[{"start":{"line":10,"column":18},"end":{"line":10,"column":28}},{"start":{"line":10,"column":32},"end":{"line":10,"column":56}}],"line":10},"1":{"loc":{"start":{"line":13,"column":4},"end":{"line":13,"column":49}},"type":"if","locations":[{"start":{"line":13,"column":4},"end":{"line":13,"column":49}},{"start":{},"end":{}}],"line":13},"2":{"loc":{"start":{"line":17,"column":6},"end":{"line":19,"column":7}},"type":"if","locations":[{"start":{"line":17,"column":6},"end":{"line":19,"column":7}},{"start":{},"end":{}}],"line":17}},"s":{"0":1,"1":0,"2":0,"3":0,"4":0,"5":0,"6":0,"7":0,"8":0,"9":0,"10":1},"f":{"0":0,"1":0},"b":{"0":[0,0],"1":[0,0],"2":[0,0]},"_coverageSchema":"1a1c01bbd47fc00a2c39e90264f33305004495a9","hash":"a707c479c09aaa96f034edc7d4e38aa6d6ed3f64"}
,"C:\\Users\\axeld\\Projets\\node\\express\\HomeFinder\\api\\routes\\auth.js": {"path":"C:\\Users\\axeld\\Projets\\node\\express\\HomeFinder\\api\\routes\\auth.js","statementMap":{"0":{"start":{"line":3,"column":14},"end":{"line":3,"column":32}},"1":{"start":{"line":4,"column":13},"end":{"line":4,"column":29}},"2":{"start":{"line":5,"column":20},"end":{"line":5,"column":50}},"3":{"start":{"line":9,"column":0},"end":{"line":9,"column":50}},"4":{"start":{"line":10,"column":0},"end":{"line":10,"column":43}},"5":{"start":{"line":11,"column":0},"end":{"line":11,"column":47}},"6":{"start":{"line":13,"column":0},"end":{"line":13,"column":24}}},"fnMap":{},"branchMap":{},"s":{"0":1,"1":1,"2":1,"3":1,"4":1,"5":1,"6":1},"f":{},"b":{},"_coverageSchema":"1a1c01bbd47fc00a2c39e90264f33305004495a9","hash":"e2df43d5beae41d1fe8b8ceee5b24d704e840d6d"}
,"C:\\Users\\axeld\\Projets\\node\\express\\HomeFinder\\api\\routes\\dpe.js": {"path":"C:\\Users\\axeld\\Projets\\node\\express\\HomeFinder\\api\\routes\\dpe.js","statementMap":{"0":{"start":{"line":3,"column":14},"end":{"line":3,"column":32}},"1":{"start":{"line":4,"column":13},"end":{"line":4,"column":29}},"2":{"start":{"line":5,"column":19},"end":{"line":5,"column":48}},"3":{"start":{"line":6,"column":20},"end":{"line":6,"column":59}},"4":{"start":{"line":10,"column":0},"end":{"line":10,"column":51}},"5":{"start":{"line":11,"column":0},"end":{"line":11,"column":66}},"6":{"start":{"line":12,"column":0},"end":{"line":12,"column":58}},"7":{"start":{"line":16,"column":0},"end":{"line":16,"column":79}},"8":{"start":{"line":17,"column":0},"end":{"line":17,"column":71}},"9":{"start":{"line":19,"column":0},"end":{"line":19,"column":68}},"10":{"start":{"line":21,"column":0},"end":{"line":21,"column":24}}},"fnMap":{},"branchMap":{},"s":{"0":1,"1":1,"2":1,"3":1,"4":1,"5":1,"6":1,"7":1,"8":1,"9":1,"10":1},"f":{},"b":{},"_coverageSchema":"1a1c01bbd47fc00a2c39e90264f33305004495a9","hash":"d5f7a007d2785f233842ff4227fc691cdac5918c"}
,"C:\\Users\\axeld\\Projets\\node\\express\\HomeFinder\\api\\routes\\index.js": {"path":"C:\\Users\\axeld\\Projets\\node\\express\\HomeFinder\\api\\routes\\index.js","statementMap":{"0":{"start":{"line":3,"column":14},"end":{"line":3,"column":32}},"1":{"start":{"line":4,"column":13},"end":{"line":4,"column":29}},"2":{"start":{"line":5,"column":18},"end":{"line":5,"column":36}},"3":{"start":{"line":6,"column":16},"end":{"line":6,"column":32}},"4":{"start":{"line":7,"column":17},"end":{"line":7,"column":34}},"5":{"start":{"line":10,"column":1},"end":{"line":10,"column":33}},"6":{"start":{"line":11,"column":0},"end":{"line":11,"column":30}},"7":{"start":{"line":12,"column":0},"end":{"line":12,"column":34}},"8":{"start":{"line":20,"column":0},"end":{"line":20,"column":24}}},"fnMap":{},"branchMap":{},"s":{"0":1,"1":1,"2":1,"3":1,"4":1,"5":1,"6":1,"7":1,"8":1},"f":{},"b":{},"_coverageSchema":"1a1c01bbd47fc00a2c39e90264f33305004495a9","hash":"19b7513fd7962d5284feb6a12db9bde18fec6e06"}
,"C:\\Users\\axeld\\Projets\\node\\express\\HomeFinder\\api\\routes\\users.js": {"path":"C:\\Users\\axeld\\Projets\\node\\express\\HomeFinder\\api\\routes\\users.js","statementMap":{"0":{"start":{"line":3,"column":14},"end":{"line":3,"column":32}},"1":{"start":{"line":4,"column":13},"end":{"line":4,"column":29}},"2":{"start":{"line":5,"column":20},"end":{"line":5,"column":51}},"3":{"start":{"line":6,"column":20},"end":{"line":6,"column":59}},"4":{"start":{"line":9,"column":0},"end":{"line":9,"column":54}},"5":{"start":{"line":10,"column":0},"end":{"line":10,"column":74}},"6":{"start":{"line":11,"column":0},"end":{"line":11,"column":75}},"7":{"start":{"line":12,"column":0},"end":{"line":12,"column":83}},"8":{"start":{"line":14,"column":0},"end":{"line":14,"column":24}}},"fnMap":{},"branchMap":{},"s":{"0":1,"1":1,"2":1,"3":1,"4":1,"5":1,"6":1,"7":1,"8":1},"f":{},"b":{},"_coverageSchema":"1a1c01bbd47fc00a2c39e90264f33305004495a9","hash":"bd0805854a1717b87f2c704abcf66d23503cf843"}
,"C:\\Users\\axeld\\Projets\\node\\express\\HomeFinder\\config\\index.js": {"path":"C:\\Users\\axeld\\Projets\\node\\express\\HomeFinder\\config\\index.js","statementMap":{"0":{"start":{"line":3,"column":11},"end":{"line":3,"column":24}},"1":{"start":{"line":6,"column":0},"end":{"line":12,"column":1}},"2":{"start":{"line":7,"column":2},"end":{"line":11,"column":5}},"3":{"start":{"line":14,"column":0},"end":{"line":23,"column":1}}},"fnMap":{},"branchMap":{"0":{"loc":{"start":{"line":6,"column":0},"end":{"line":12,"column":1}},"type":"if","locations":[{"start":{"line":6,"column":0},"end":{"line":12,"column":1}},{"start":{},"end":{}}],"line":6}},"s":{"0":1,"1":1,"2":0,"3":1},"f":{},"b":{"0":[0,1]},"_coverageSchema":"1a1c01bbd47fc00a2c39e90264f33305004495a9","hash":"043ef527268e72a8053cad45af3505af239ad67f"}
,"C:\\Users\\axeld\\Projets\\node\\express\\HomeFinder\\loaders\\express.js": {"path":"C:\\Users\\axeld\\Projets\\node\\express\\HomeFinder\\loaders\\express.js","statementMap":{"0":{"start":{"line":1,"column":18},"end":{"line":1,"column":40}},"1":{"start":{"line":2,"column":14},"end":{"line":2,"column":32}},"2":{"start":{"line":3,"column":11},"end":{"line":3,"column":26}},"3":{"start":{"line":4,"column":19},"end":{"line":4,"column":43}},"4":{"start":{"line":5,"column":13},"end":{"line":5,"column":30}},"5":{"start":{"line":7,"column":18},"end":{"line":7,"column":48}},"6":{"start":{"line":8,"column":13},"end":{"line":8,"column":30}},"7":{"start":{"line":9,"column":18},"end":{"line":9,"column":47}},"8":{"start":{"line":10,"column":20},"end":{"line":10,"column":56}},"9":{"start":{"line":12,"column":10},"end":{"line":12,"column":19}},"10":{"start":{"line":13,"column":0},"end":{"line":13,"column":18}},"11":{"start":{"line":17,"column":0},"end":{"line":17,"column":57}},"12":{"start":{"line":18,"column":0},"end":{"line":18,"column":31}},"13":{"start":{"line":20,"column":0},"end":{"line":20,"column":23}},"14":{"start":{"line":21,"column":0},"end":{"line":21,"column":24}},"15":{"start":{"line":22,"column":0},"end":{"line":22,"column":49}},"16":{"start":{"line":23,"column":0},"end":{"line":23,"column":24}},"17":{"start":{"line":26,"column":0},"end":{"line":26,"column":32}},"18":{"start":{"line":27,"column":0},"end":{"line":27,"column":68}},"19":{"start":{"line":31,"column":0},"end":{"line":33,"column":3}},"20":{"start":{"line":32,"column":2},"end":{"line":32,"column":25}},"21":{"start":{"line":36,"column":0},"end":{"line":43,"column":3}},"22":{"start":{"line":38,"column":2},"end":{"line":38,"column":35}},"23":{"start":{"line":39,"column":2},"end":{"line":39,"column":69}},"24":{"start":{"line":42,"column":2},"end":{"line":42,"column":32}},"25":{"start":{"line":48,"column":14},"end":{"line":48,"column":30}},"26":{"start":{"line":51,"column":0},"end":{"line":57,"column":3}},"27":{"start":{"line":53,"column":4},"end":{"line":53,"column":19}},"28":{"start":{"line":56,"column":4},"end":{"line":56,"column":33}},"29":{"start":{"line":59,"column":0},"end":{"line":65,"column":3}},"30":{"start":{"line":61,"column":4},"end":{"line":61,"column":20}},"31":{"start":{"line":64,"column":4},"end":{"line":64,"column":33}},"32":{"start":{"line":68,"column":0},"end":{"line":68,"column":32}},"33":{"start":{"line":78,"column":0},"end":{"line":78,"column":21}}},"fnMap":{"0":{"name":"(anonymous_0)","decl":{"start":{"line":31,"column":8},"end":{"line":31,"column":9}},"loc":{"start":{"line":31,"column":33},"end":{"line":33,"column":1}},"line":31},"1":{"name":"(anonymous_1)","decl":{"start":{"line":36,"column":8},"end":{"line":36,"column":9}},"loc":{"start":{"line":36,"column":38},"end":{"line":43,"column":1}},"line":36},"2":{"name":"(anonymous_2)","decl":{"start":{"line":51,"column":31},"end":{"line":51,"column":32}},"loc":{"start":{"line":51,"column":42},"end":{"line":54,"column":1}},"line":51},"3":{"name":"(anonymous_3)","decl":{"start":{"line":54,"column":3},"end":{"line":54,"column":4}},"loc":{"start":{"line":54,"column":12},"end":{"line":57,"column":1}},"line":54},"4":{"name":"(anonymous_4)","decl":{"start":{"line":59,"column":32},"end":{"line":59,"column":33}},"loc":{"start":{"line":59,"column":44},"end":{"line":62,"column":1}},"line":59},"5":{"name":"(anonymous_5)","decl":{"start":{"line":62,"column":3},"end":{"line":62,"column":4}},"loc":{"start":{"line":62,"column":12},"end":{"line":65,"column":1}},"line":62}},"branchMap":{"0":{"loc":{"start":{"line":39,"column":21},"end":{"line":39,"column":68}},"type":"cond-expr","locations":[{"start":{"line":39,"column":60},"end":{"line":39,"column":63}},{"start":{"line":39,"column":66},"end":{"line":39,"column":68}}],"line":39},"1":{"loc":{"start":{"line":42,"column":13},"end":{"line":42,"column":30}},"type":"binary-expr","locations":[{"start":{"line":42,"column":13},"end":{"line":42,"column":23}},{"start":{"line":42,"column":27},"end":{"line":42,"column":30}}],"line":42}},"s":{"0":1,"1":1,"2":1,"3":1,"4":1,"5":1,"6":1,"7":1,"8":1,"9":1,"10":1,"11":1,"12":1,"13":1,"14":1,"15":1,"16":1,"17":1,"18":1,"19":1,"20":0,"21":1,"22":0,"23":0,"24":0,"25":1,"26":1,"27":0,"28":0,"29":1,"30":0,"31":0,"32":1,"33":1},"f":{"0":0,"1":0,"2":0,"3":0,"4":0,"5":0},"b":{"0":[0,0],"1":[0,0]},"_coverageSchema":"1a1c01bbd47fc00a2c39e90264f33305004495a9","hash":"58077d1a1ce57750129381d6818c4be7b41f6899"}
,"C:\\Users\\axeld\\Projets\\node\\express\\HomeFinder\\loaders\\mongoose.js": {"path":"C:\\Users\\axeld\\Projets\\node\\express\\HomeFinder\\loaders\\mongoose.js","statementMap":{"0":{"start":{"line":4,"column":17},"end":{"line":4,"column":36}},"1":{"start":{"line":5,"column":18},"end":{"line":5,"column":38}},"2":{"start":{"line":6,"column":12},"end":{"line":6,"column":56}},"3":{"start":{"line":10,"column":0},"end":{"line":10,"column":35}},"4":{"start":{"line":13,"column":0},"end":{"line":16,"column":3}},"5":{"start":{"line":14,"column":4},"end":{"line":14,"column":46}},"6":{"start":{"line":15,"column":2},"end":{"line":15,"column":19}},"7":{"start":{"line":19,"column":0},"end":{"line":21,"column":1}},"8":{"start":{"line":20,"column":2},"end":{"line":20,"column":30}},"9":{"start":{"line":29,"column":0},"end":{"line":62,"column":2}},"10":{"start":{"line":31,"column":2},"end":{"line":59,"column":3}},"11":{"start":{"line":32,"column":4},"end":{"line":32,"column":77}},"12":{"start":{"line":34,"column":4},"end":{"line":41,"column":7}},"13":{"start":{"line":35,"column":8},"end":{"line":35,"column":50}},"14":{"start":{"line":36,"column":8},"end":{"line":36,"column":58}},"15":{"start":{"line":37,"column":8},"end":{"line":37,"column":21}},"16":{"start":{"line":38,"column":6},"end":{"line":40,"column":7}},"17":{"start":{"line":39,"column":8},"end":{"line":39,"column":42}},"18":{"start":{"line":42,"column":4},"end":{"line":45,"column":7}},"19":{"start":{"line":43,"column":6},"end":{"line":43,"column":46}},"20":{"start":{"line":44,"column":6},"end":{"line":44,"column":55}},"21":{"start":{"line":46,"column":4},"end":{"line":53,"column":7}},"22":{"start":{"line":47,"column":6},"end":{"line":47,"column":43}},"23":{"start":{"line":48,"column":6},"end":{"line":48,"column":48}},"24":{"start":{"line":49,"column":6},"end":{"line":49,"column":19}},"25":{"start":{"line":50,"column":6},"end":{"line":52,"column":7}},"26":{"start":{"line":51,"column":8},"end":{"line":51,"column":42}},"27":{"start":{"line":54,"column":4},"end":{"line":54,"column":35}},"28":{"start":{"line":56,"column":4},"end":{"line":56,"column":63}},"29":{"start":{"line":57,"column":4},"end":{"line":57,"column":17}},"30":{"start":{"line":58,"column":4},"end":{"line":58,"column":20}},"31":{"start":{"line":61,"column":2},"end":{"line":61,"column":9}}},"fnMap":{"0":{"name":"(anonymous_0)","decl":{"start":{"line":13,"column":32},"end":{"line":13,"column":33}},"loc":{"start":{"line":13,"column":41},"end":{"line":16,"column":1}},"line":13},"1":{"name":"(anonymous_1)","decl":{"start":{"line":29,"column":18},"end":{"line":29,"column":19}},"loc":{"start":{"line":29,"column":36},"end":{"line":62,"column":1}},"line":29},"2":{"name":"(anonymous_2)","decl":{"start":{"line":34,"column":43},"end":{"line":34,"column":44}},"loc":{"start":{"line":34,"column":52},"end":{"line":41,"column":5}},"line":34},"3":{"name":"(anonymous_3)","decl":{"start":{"line":42,"column":42},"end":{"line":42,"column":43}},"loc":{"start":{"line":42,"column":51},"end":{"line":45,"column":5}},"line":42},"4":{"name":"(anonymous_4)","decl":{"start":{"line":46,"column":36},"end":{"line":46,"column":37}},"loc":{"start":{"line":46,"column":45},"end":{"line":53,"column":5}},"line":46}},"branchMap":{"0":{"loc":{"start":{"line":19,"column":0},"end":{"line":21,"column":1}},"type":"if","locations":[{"start":{"line":19,"column":0},"end":{"line":21,"column":1}},{"start":{},"end":{}}],"line":19},"1":{"loc":{"start":{"line":38,"column":6},"end":{"line":40,"column":7}},"type":"if","locations":[{"start":{"line":38,"column":6},"end":{"line":40,"column":7}},{"start":{},"end":{}}],"line":38},"2":{"loc":{"start":{"line":38,"column":11},"end":{"line":38,"column":58}},"type":"binary-expr","locations":[{"start":{"line":38,"column":11},"end":{"line":38,"column":29}},{"start":{"line":38,"column":33},"end":{"line":38,"column":58}}],"line":38},"3":{"loc":{"start":{"line":50,"column":6},"end":{"line":52,"column":7}},"type":"if","locations":[{"start":{"line":50,"column":6},"end":{"line":52,"column":7}},{"start":{},"end":{}}],"line":50},"4":{"loc":{"start":{"line":50,"column":11},"end":{"line":50,"column":58}},"type":"binary-expr","locations":[{"start":{"line":50,"column":11},"end":{"line":50,"column":29}},{"start":{"line":50,"column":33},"end":{"line":50,"column":58}}],"line":50}},"s":{"0":1,"1":1,"2":1,"3":1,"4":1,"5":0,"6":0,"7":1,"8":0,"9":1,"10":1,"11":1,"12":1,"13":0,"14":0,"15":0,"16":0,"17":0,"18":1,"19":0,"20":0,"21":1,"22":0,"23":0,"24":0,"25":0,"26":0,"27":1,"28":0,"29":0,"30":0,"31":1},"f":{"0":0,"1":1,"2":0,"3":0,"4":0},"b":{"0":[0,1],"1":[0,0],"2":[0,0],"3":[0,0],"4":[0,0]},"_coverageSchema":"1a1c01bbd47fc00a2c39e90264f33305004495a9","hash":"cbde838a57d08979462236e2677bfb9b3dc523ff"}
,"C:\\Users\\axeld\\Projets\\node\\express\\HomeFinder\\models\\dpe\\index.js": {"path":"C:\\Users\\axeld\\Projets\\node\\express\\HomeFinder\\models\\dpe\\index.js","statementMap":{"0":{"start":{"line":3,"column":17},"end":{"line":3,"column":36}},"1":{"start":{"line":5,"column":18},"end":{"line":16,"column":2}},"2":{"start":{"line":19,"column":23},"end":{"line":19,"column":34}},"3":{"start":{"line":22,"column":17},"end":{"line":22,"column":58}},"4":{"start":{"line":24,"column":0},"end":{"line":24,"column":26}}},"fnMap":{},"branchMap":{},"s":{"0":1,"1":1,"2":1,"3":1,"4":1},"f":{},"b":{},"_coverageSchema":"1a1c01bbd47fc00a2c39e90264f33305004495a9","hash":"1be207905c001636eb5c73b1f0607e7c59bccfa5"}
,"C:\\Users\\axeld\\Projets\\node\\express\\HomeFinder\\models\\search\\index.js": {"path":"C:\\Users\\axeld\\Projets\\node\\express\\HomeFinder\\models\\search\\index.js","statementMap":{"0":{"start":{"line":3,"column":17},"end":{"line":3,"column":36}},"1":{"start":{"line":5,"column":21},"end":{"line":10,"column":2}},"2":{"start":{"line":13,"column":0},"end":{"line":13,"column":62}}},"fnMap":{},"branchMap":{},"s":{"0":2,"1":2,"2":2},"f":{},"b":{},"_coverageSchema":"1a1c01bbd47fc00a2c39e90264f33305004495a9","hash":"836bf036e4c29f0b0bf734fbe54b72e4f0c25100"}
,"C:\\Users\\axeld\\Projets\\node\\express\\HomeFinder\\models\\users\\index.js": {"path":"C:\\Users\\axeld\\Projets\\node\\express\\HomeFinder\\models\\users\\index.js","statementMap":{"0":{"start":{"line":6,"column":17},"end":{"line":6,"column":36}},"1":{"start":{"line":7,"column":20},"end":{"line":7,"column":46}},"2":{"start":{"line":9,"column":19},"end":{"line":14,"column":2}},"3":{"start":{"line":17,"column":0},"end":{"line":42,"column":2}},"4":{"start":{"line":18,"column":15},"end":{"line":18,"column":55}},"5":{"start":{"line":19,"column":2},"end":{"line":21,"column":3}},"6":{"start":{"line":20,"column":4},"end":{"line":20,"column":38}},"7":{"start":{"line":23,"column":20},"end":{"line":23,"column":83}},"8":{"start":{"line":25,"column":2},"end":{"line":25,"column":63}},"9":{"start":{"line":28,"column":2},"end":{"line":28,"column":27}},"10":{"start":{"line":29,"column":17},"end":{"line":34,"column":4}},"11":{"start":{"line":36,"column":22},"end":{"line":36,"column":41}},"12":{"start":{"line":38,"column":2},"end":{"line":38,"column":43}},"13":{"start":{"line":39,"column":2},"end":{"line":39,"column":20}},"14":{"start":{"line":41,"column":2},"end":{"line":41,"column":21}},"15":{"start":{"line":45,"column":0},"end":{"line":52,"column":2}},"16":{"start":{"line":46,"column":15},"end":{"line":46,"column":81}},"17":{"start":{"line":47,"column":2},"end":{"line":49,"column":3}},"18":{"start":{"line":48,"column":4},"end":{"line":48,"column":38}},"19":{"start":{"line":51,"column":2},"end":{"line":51,"column":28}},"20":{"start":{"line":55,"column":0},"end":{"line":74,"column":2}},"21":{"start":{"line":56,"column":15},"end":{"line":56,"column":81}},"22":{"start":{"line":57,"column":2},"end":{"line":59,"column":3}},"23":{"start":{"line":58,"column":4},"end":{"line":58,"column":38}},"24":{"start":{"line":63,"column":23},"end":{"line":63,"column":96}},"25":{"start":{"line":63,"column":59},"end":{"line":63,"column":95}},"26":{"start":{"line":64,"column":2},"end":{"line":66,"column":3}},"27":{"start":{"line":65,"column":4},"end":{"line":65,"column":47}},"28":{"start":{"line":68,"column":2},"end":{"line":68,"column":47}},"29":{"start":{"line":69,"column":2},"end":{"line":69,"column":20}},"30":{"start":{"line":71,"column":2},"end":{"line":71,"column":59}},"31":{"start":{"line":73,"column":2},"end":{"line":73,"column":46}},"32":{"start":{"line":77,"column":0},"end":{"line":106,"column":2}},"33":{"start":{"line":78,"column":2},"end":{"line":105,"column":3}},"34":{"start":{"line":80,"column":17},"end":{"line":80,"column":83}},"35":{"start":{"line":81,"column":4},"end":{"line":83,"column":5}},"36":{"start":{"line":82,"column":6},"end":{"line":82,"column":40}},"37":{"start":{"line":86,"column":25},"end":{"line":86,"column":98}},"38":{"start":{"line":86,"column":61},"end":{"line":86,"column":97}},"39":{"start":{"line":87,"column":4},"end":{"line":89,"column":5}},"40":{"start":{"line":88,"column":6},"end":{"line":88,"column":49}},"41":{"start":{"line":92,"column":2},"end":{"line":92,"column":40}},"42":{"start":{"line":93,"column":2},"end":{"line":93,"column":20}},"43":{"start":{"line":96,"column":2},"end":{"line":96,"column":52}},"44":{"start":{"line":98,"column":47},"end":{"line":98,"column":98}},"45":{"start":{"line":99,"column":18},"end":{"line":99,"column":39}},"46":{"start":{"line":101,"column":4},"end":{"line":101,"column":53}},"47":{"start":{"line":103,"column":4},"end":{"line":103,"column":50}},"48":{"start":{"line":104,"column":4},"end":{"line":104,"column":16}},"49":{"start":{"line":111,"column":22},"end":{"line":111,"column":126}},"50":{"start":{"line":112,"column":6},"end":{"line":120,"column":7}},"51":{"start":{"line":113,"column":10},"end":{"line":119,"column":12}},"52":{"start":{"line":122,"column":2},"end":{"line":122,"column":12}},"53":{"start":{"line":126,"column":0},"end":{"line":126,"column":57}}},"fnMap":{"0":{"name":"(anonymous_0)","decl":{"start":{"line":17,"column":38},"end":{"line":17,"column":39}},"loc":{"start":{"line":17,"column":80},"end":{"line":42,"column":1}},"line":17},"1":{"name":"(anonymous_1)","decl":{"start":{"line":45,"column":41},"end":{"line":45,"column":42}},"loc":{"start":{"line":45,"column":68},"end":{"line":52,"column":1}},"line":45},"2":{"name":"(anonymous_2)","decl":{"start":{"line":55,"column":40},"end":{"line":55,"column":41}},"loc":{"start":{"line":55,"column":81},"end":{"line":74,"column":1}},"line":55},"3":{"name":"(anonymous_3)","decl":{"start":{"line":63,"column":49},"end":{"line":63,"column":50}},"loc":{"start":{"line":63,"column":59},"end":{"line":63,"column":95}},"line":63},"4":{"name":"(anonymous_4)","decl":{"start":{"line":77,"column":36},"end":{"line":77,"column":37}},"loc":{"start":{"line":77,"column":77},"end":{"line":106,"column":1}},"line":77},"5":{"name":"(anonymous_5)","decl":{"start":{"line":86,"column":51},"end":{"line":86,"column":52}},"loc":{"start":{"line":86,"column":61},"end":{"line":86,"column":97}},"line":86},"6":{"name":"extractSearchParamsFromTitle","decl":{"start":{"line":109,"column":9},"end":{"line":109,"column":37}},"loc":{"start":{"line":109,"column":47},"end":{"line":123,"column":1}},"line":109}},"branchMap":{"0":{"loc":{"start":{"line":19,"column":2},"end":{"line":21,"column":3}},"type":"if","locations":[{"start":{"line":19,"column":2},"end":{"line":21,"column":3}},{"start":{},"end":{}}],"line":19},"1":{"loc":{"start":{"line":25,"column":16},"end":{"line":25,"column":62}},"type":"cond-expr","locations":[{"start":{"line":25,"column":30},"end":{"line":25,"column":58}},{"start":{"line":25,"column":61},"end":{"line":25,"column":62}}],"line":25},"2":{"loc":{"start":{"line":47,"column":2},"end":{"line":49,"column":3}},"type":"if","locations":[{"start":{"line":47,"column":2},"end":{"line":49,"column":3}},{"start":{},"end":{}}],"line":47},"3":{"loc":{"start":{"line":57,"column":2},"end":{"line":59,"column":3}},"type":"if","locations":[{"start":{"line":57,"column":2},"end":{"line":59,"column":3}},{"start":{},"end":{}}],"line":57},"4":{"loc":{"start":{"line":64,"column":2},"end":{"line":66,"column":3}},"type":"if","locations":[{"start":{"line":64,"column":2},"end":{"line":66,"column":3}},{"start":{},"end":{}}],"line":64},"5":{"loc":{"start":{"line":81,"column":4},"end":{"line":83,"column":5}},"type":"if","locations":[{"start":{"line":81,"column":4},"end":{"line":83,"column":5}},{"start":{},"end":{}}],"line":81},"6":{"loc":{"start":{"line":87,"column":4},"end":{"line":89,"column":5}},"type":"if","locations":[{"start":{"line":87,"column":4},"end":{"line":89,"column":5}},{"start":{},"end":{}}],"line":87},"7":{"loc":{"start":{"line":112,"column":6},"end":{"line":120,"column":7}},"type":"if","locations":[{"start":{"line":112,"column":6},"end":{"line":120,"column":7}},{"start":{},"end":{}}],"line":112}},"s":{"0":2,"1":2,"2":2,"3":2,"4":0,"5":0,"6":0,"7":0,"8":0,"9":0,"10":0,"11":0,"12":0,"13":0,"14":0,"15":2,"16":0,"17":0,"18":0,"19":0,"20":2,"21":0,"22":0,"23":0,"24":0,"25":0,"26":0,"27":0,"28":0,"29":0,"30":0,"31":0,"32":2,"33":0,"34":0,"35":0,"36":0,"37":0,"38":0,"39":0,"40":0,"41":0,"42":0,"43":0,"44":0,"45":0,"46":0,"47":0,"48":0,"49":0,"50":0,"51":0,"52":0,"53":2},"f":{"0":0,"1":0,"2":0,"3":0,"4":0,"5":0,"6":0},"b":{"0":[0,0],"1":[0,0],"2":[0,0],"3":[0,0],"4":[0,0],"5":[0,0],"6":[0,0],"7":[0,0]},"_coverageSchema":"1a1c01bbd47fc00a2c39e90264f33305004495a9","hash":"da5e7d32c5de21d5374626acf9beea0f77e268d6"}
,"C:\\Users\\axeld\\Projets\\node\\express\\HomeFinder\\services\\auth.js": {"path":"C:\\Users\\axeld\\Projets\\node\\express\\HomeFinder\\services\\auth.js","statementMap":{"0":{"start":{"line":3,"column":12},"end":{"line":3,"column":35}},"1":{"start":{"line":4,"column":14},"end":{"line":4,"column":40}},"2":{"start":{"line":5,"column":15},"end":{"line":5,"column":32}},"3":{"start":{"line":6,"column":12},"end":{"line":6,"column":47}},"4":{"start":{"line":7,"column":21},"end":{"line":7,"column":39}},"5":{"start":{"line":8,"column":0},"end":{"line":8,"column":27}},"6":{"start":{"line":14,"column":2},"end":{"line":14,"column":50}},"7":{"start":{"line":16,"column":2},"end":{"line":16,"column":106}},"8":{"start":{"line":20,"column":2},"end":{"line":20,"column":51}},"9":{"start":{"line":21,"column":2},"end":{"line":21,"column":108}},"10":{"start":{"line":25,"column":2},"end":{"line":25,"column":46}},"11":{"start":{"line":26,"column":2},"end":{"line":26,"column":53}},"12":{"start":{"line":29,"column":0},"end":{"line":29,"column":50}},"13":{"start":{"line":32,"column":0},"end":{"line":65,"column":2}},"14":{"start":{"line":33,"column":2},"end":{"line":64,"column":3}},"15":{"start":{"line":34,"column":4},"end":{"line":34,"column":37}},"16":{"start":{"line":35,"column":25},"end":{"line":35,"column":55}},"17":{"start":{"line":37,"column":4},"end":{"line":40,"column":5}},"18":{"start":{"line":38,"column":6},"end":{"line":38,"column":35}},"19":{"start":{"line":39,"column":6},"end":{"line":39,"column":70}},"20":{"start":{"line":43,"column":4},"end":{"line":43,"column":34}},"21":{"start":{"line":45,"column":16},"end":{"line":45,"column":70}},"22":{"start":{"line":48,"column":3},"end":{"line":48,"column":33}},"23":{"start":{"line":49,"column":26},"end":{"line":49,"column":59}},"24":{"start":{"line":51,"column":4},"end":{"line":51,"column":33}},"25":{"start":{"line":52,"column":20},"end":{"line":56,"column":6}},"26":{"start":{"line":58,"column":4},"end":{"line":58,"column":25}},"27":{"start":{"line":59,"column":4},"end":{"line":59,"column":42}},"28":{"start":{"line":60,"column":4},"end":{"line":60,"column":78}},"29":{"start":{"line":62,"column":4},"end":{"line":62,"column":41}},"30":{"start":{"line":63,"column":4},"end":{"line":63,"column":67}},"31":{"start":{"line":68,"column":0},"end":{"line":86,"column":2}},"32":{"start":{"line":69,"column":1},"end":{"line":85,"column":5}},"33":{"start":{"line":70,"column":15},"end":{"line":70,"column":48}},"34":{"start":{"line":72,"column":6},"end":{"line":74,"column":7}},"35":{"start":{"line":73,"column":6},"end":{"line":73,"column":45}},"36":{"start":{"line":76,"column":26},"end":{"line":76,"column":51}},"37":{"start":{"line":77,"column":27},"end":{"line":77,"column":53}},"38":{"start":{"line":79,"column":6},"end":{"line":82,"column":8}},"39":{"start":{"line":84,"column":6},"end":{"line":84,"column":45}},"40":{"start":{"line":90,"column":0},"end":{"line":112,"column":2}},"41":{"start":{"line":91,"column":2},"end":{"line":110,"column":5}},"42":{"start":{"line":92,"column":4},"end":{"line":94,"column":5}},"43":{"start":{"line":93,"column":6},"end":{"line":93,"column":51}},"44":{"start":{"line":96,"column":17},"end":{"line":104,"column":6}},"45":{"start":{"line":97,"column":6},"end":{"line":103,"column":9}},"46":{"start":{"line":98,"column":8},"end":{"line":102,"column":9}},"47":{"start":{"line":99,"column":10},"end":{"line":99,"column":22}},"48":{"start":{"line":101,"column":10},"end":{"line":101,"column":24}},"49":{"start":{"line":107,"column":24},"end":{"line":107,"column":49}},"50":{"start":{"line":108,"column":4},"end":{"line":108,"column":22}}},"fnMap":{"0":{"name":"generateAccessToken","decl":{"start":{"line":13,"column":9},"end":{"line":13,"column":28}},"loc":{"start":{"line":13,"column":37},"end":{"line":17,"column":1}},"line":13},"1":{"name":"generateRefreshToken","decl":{"start":{"line":19,"column":9},"end":{"line":19,"column":29}},"loc":{"start":{"line":19,"column":38},"end":{"line":22,"column":1}},"line":19},"2":{"name":"authenticate","decl":{"start":{"line":24,"column":9},"end":{"line":24,"column":21}},"loc":{"start":{"line":24,"column":40},"end":{"line":27,"column":1}},"line":24},"3":{"name":"(anonymous_3)","decl":{"start":{"line":32,"column":23},"end":{"line":32,"column":24}},"loc":{"start":{"line":32,"column":56},"end":{"line":65,"column":1}},"line":32},"4":{"name":"(anonymous_4)","decl":{"start":{"line":68,"column":16},"end":{"line":68,"column":17}},"loc":{"start":{"line":68,"column":43},"end":{"line":86,"column":1}},"line":68},"5":{"name":"(anonymous_5)","decl":{"start":{"line":90,"column":23},"end":{"line":90,"column":24}},"loc":{"start":{"line":90,"column":47},"end":{"line":112,"column":1}},"line":90},"6":{"name":"(anonymous_6)","decl":{"start":{"line":96,"column":35},"end":{"line":96,"column":36}},"loc":{"start":{"line":96,"column":56},"end":{"line":104,"column":5}},"line":96},"7":{"name":"(anonymous_7)","decl":{"start":{"line":97,"column":59},"end":{"line":97,"column":60}},"loc":{"start":{"line":97,"column":74},"end":{"line":103,"column":7}},"line":97}},"branchMap":{"0":{"loc":{"start":{"line":37,"column":4},"end":{"line":40,"column":5}},"type":"if","locations":[{"start":{"line":37,"column":4},"end":{"line":40,"column":5}},{"start":{},"end":{}}],"line":37},"1":{"loc":{"start":{"line":45,"column":37},"end":{"line":45,"column":69}},"type":"binary-expr","locations":[{"start":{"line":45,"column":37},"end":{"line":45,"column":64}},{"start":{"line":45,"column":68},"end":{"line":45,"column":69}}],"line":45},"2":{"loc":{"start":{"line":72,"column":6},"end":{"line":74,"column":7}},"type":"if","locations":[{"start":{"line":72,"column":6},"end":{"line":74,"column":7}},{"start":{},"end":{}}],"line":72},"3":{"loc":{"start":{"line":72,"column":10},"end":{"line":72,"column":61}},"type":"binary-expr","locations":[{"start":{"line":72,"column":10},"end":{"line":72,"column":28}},{"start":{"line":72,"column":32},"end":{"line":72,"column":61}}],"line":72},"4":{"loc":{"start":{"line":92,"column":4},"end":{"line":94,"column":5}},"type":"if","locations":[{"start":{"line":92,"column":4},"end":{"line":94,"column":5}},{"start":{},"end":{}}],"line":92},"5":{"loc":{"start":{"line":98,"column":8},"end":{"line":102,"column":9}},"type":"if","locations":[{"start":{"line":98,"column":8},"end":{"line":102,"column":9}},{"start":{"line":100,"column":15},"end":{"line":102,"column":9}}],"line":98}},"s":{"0":2,"1":2,"2":2,"3":2,"4":2,"5":2,"6":1,"7":1,"8":1,"9":1,"10":2,"11":1,"12":2,"13":2,"14":3,"15":3,"16":3,"17":3,"18":1,"19":1,"20":2,"21":2,"22":2,"23":2,"24":2,"25":2,"26":2,"27":1,"28":1,"29":1,"30":1,"31":2,"32":2,"33":2,"34":2,"35":0,"36":1,"37":1,"38":1,"39":1,"40":2,"41":2,"42":2,"43":0,"44":2,"45":2,"46":2,"47":2,"48":0,"49":0,"50":0},"f":{"0":1,"1":1,"2":2,"3":3,"4":2,"5":2,"6":2,"7":2},"b":{"0":[1,2],"1":[2,0],"2":[0,1],"3":[2,2],"4":[0,2],"5":[2,0]},"_coverageSchema":"1a1c01bbd47fc00a2c39e90264f33305004495a9","hash":"56930de3e274f8d03e3633bcfd5337748cf56358"}
,"C:\\Users\\axeld\\Projets\\node\\express\\HomeFinder\\services\\dpe.js": {"path":"C:\\Users\\axeld\\Projets\\node\\express\\HomeFinder\\services\\dpe.js","statementMap":{"0":{"start":{"line":3,"column":12},"end":{"line":3,"column":36}},"1":{"start":{"line":4,"column":14},"end":{"line":4,"column":30}},"2":{"start":{"line":5,"column":18},"end":{"line":5,"column":44}},"3":{"start":{"line":6,"column":16},"end":{"line":6,"column":34}},"4":{"start":{"line":7,"column":15},"end":{"line":7,"column":32}},"5":{"start":{"line":9,"column":0},"end":{"line":9,"column":27}},"6":{"start":{"line":12,"column":17},"end":{"line":12,"column":35}},"7":{"start":{"line":13,"column":18},"end":{"line":13,"column":62}},"8":{"start":{"line":14,"column":16},"end":{"line":14,"column":55}},"9":{"start":{"line":15,"column":4},"end":{"line":15,"column":37}},"10":{"start":{"line":19,"column":0},"end":{"line":24,"column":2}},"11":{"start":{"line":21,"column":20},"end":{"line":21,"column":38}},"12":{"start":{"line":23,"column":4},"end":{"line":23,"column":19}},"13":{"start":{"line":27,"column":16},"end":{"line":41,"column":1}},"14":{"start":{"line":28,"column":4},"end":{"line":40,"column":5}},"15":{"start":{"line":29,"column":23},"end":{"line":33,"column":20}},"16":{"start":{"line":36,"column":8},"end":{"line":36,"column":22}},"17":{"start":{"line":38,"column":8},"end":{"line":38,"column":47}},"18":{"start":{"line":39,"column":8},"end":{"line":39,"column":20}},"19":{"start":{"line":43,"column":20},"end":{"line":107,"column":1}},"20":{"start":{"line":44,"column":4},"end":{"line":106,"column":5}},"21":{"start":{"line":45,"column":20},"end":{"line":45,"column":103}},"22":{"start":{"line":46,"column":22},"end":{"line":50,"column":9}},"23":{"start":{"line":53,"column":8},"end":{"line":62,"column":9}},"24":{"start":{"line":55,"column":12},"end":{"line":55,"column":59}},"25":{"start":{"line":56,"column":34},"end":{"line":56,"column":56}},"26":{"start":{"line":58,"column":34},"end":{"line":58,"column":58}},"27":{"start":{"line":59,"column":34},"end":{"line":59,"column":58}},"28":{"start":{"line":60,"column":12},"end":{"line":60,"column":72}},"29":{"start":{"line":61,"column":12},"end":{"line":61,"column":95}},"30":{"start":{"line":65,"column":8},"end":{"line":85,"column":9}},"31":{"start":{"line":66,"column":12},"end":{"line":66,"column":47}},"32":{"start":{"line":67,"column":28},"end":{"line":67,"column":42}},"33":{"start":{"line":70,"column":30},"end":{"line":70,"column":47}},"34":{"start":{"line":71,"column":12},"end":{"line":71,"column":55}},"35":{"start":{"line":73,"column":28},"end":{"line":73,"column":45}},"36":{"start":{"line":74,"column":12},"end":{"line":74,"column":51}},"37":{"start":{"line":76,"column":39},"end":{"line":76,"column":60}},"38":{"start":{"line":77,"column":37},"end":{"line":77,"column":56}},"39":{"start":{"line":80,"column":12},"end":{"line":84,"column":14}},"40":{"start":{"line":90,"column":22},"end":{"line":90,"column":43}},"41":{"start":{"line":91,"column":8},"end":{"line":91,"column":36}},"42":{"start":{"line":93,"column":8},"end":{"line":99,"column":9}},"43":{"start":{"line":94,"column":12},"end":{"line":98,"column":15}},"44":{"start":{"line":95,"column":30},"end":{"line":95,"column":81}},"45":{"start":{"line":96,"column":30},"end":{"line":96,"column":81}},"46":{"start":{"line":97,"column":16},"end":{"line":97,"column":37}},"47":{"start":{"line":102,"column":8},"end":{"line":102,"column":32}},"48":{"start":{"line":104,"column":8},"end":{"line":104,"column":47}},"49":{"start":{"line":105,"column":8},"end":{"line":105,"column":20}},"50":{"start":{"line":109,"column":0},"end":{"line":174,"column":1}},"51":{"start":{"line":110,"column":4},"end":{"line":173,"column":5}},"52":{"start":{"line":111,"column":20},"end":{"line":111,"column":85}},"53":{"start":{"line":112,"column":22},"end":{"line":116,"column":9}},"54":{"start":{"line":119,"column":10},"end":{"line":128,"column":9}},"55":{"start":{"line":121,"column":12},"end":{"line":121,"column":59}},"56":{"start":{"line":122,"column":34},"end":{"line":122,"column":56}},"57":{"start":{"line":124,"column":34},"end":{"line":124,"column":58}},"58":{"start":{"line":125,"column":34},"end":{"line":125,"column":58}},"59":{"start":{"line":126,"column":12},"end":{"line":126,"column":72}},"60":{"start":{"line":127,"column":12},"end":{"line":127,"column":95}},"61":{"start":{"line":131,"column":8},"end":{"line":151,"column":9}},"62":{"start":{"line":132,"column":12},"end":{"line":132,"column":47}},"63":{"start":{"line":133,"column":28},"end":{"line":133,"column":42}},"64":{"start":{"line":136,"column":30},"end":{"line":136,"column":47}},"65":{"start":{"line":137,"column":12},"end":{"line":137,"column":56}},"66":{"start":{"line":139,"column":28},"end":{"line":139,"column":45}},"67":{"start":{"line":140,"column":12},"end":{"line":140,"column":52}},"68":{"start":{"line":142,"column":39},"end":{"line":142,"column":60}},"69":{"start":{"line":143,"column":37},"end":{"line":143,"column":56}},"70":{"start":{"line":146,"column":12},"end":{"line":150,"column":14}},"71":{"start":{"line":152,"column":8},"end":{"line":152,"column":27}},"72":{"start":{"line":157,"column":22},"end":{"line":157,"column":43}},"73":{"start":{"line":158,"column":8},"end":{"line":158,"column":36}},"74":{"start":{"line":160,"column":8},"end":{"line":166,"column":9}},"75":{"start":{"line":161,"column":12},"end":{"line":165,"column":15}},"76":{"start":{"line":162,"column":30},"end":{"line":162,"column":81}},"77":{"start":{"line":163,"column":30},"end":{"line":163,"column":81}},"78":{"start":{"line":164,"column":16},"end":{"line":164,"column":37}},"79":{"start":{"line":168,"column":8},"end":{"line":168,"column":64}},"80":{"start":{"line":169,"column":8},"end":{"line":169,"column":23}},"81":{"start":{"line":171,"column":8},"end":{"line":171,"column":47}},"82":{"start":{"line":172,"column":8},"end":{"line":172,"column":20}},"83":{"start":{"line":175,"column":0},"end":{"line":191,"column":1}},"84":{"start":{"line":176,"column":4},"end":{"line":190,"column":5}},"85":{"start":{"line":177,"column":23},"end":{"line":181,"column":20}},"86":{"start":{"line":183,"column":22},"end":{"line":183,"column":87}},"87":{"start":{"line":185,"column":8},"end":{"line":185,"column":63}},"88":{"start":{"line":186,"column":8},"end":{"line":186,"column":22}},"89":{"start":{"line":188,"column":8},"end":{"line":188,"column":47}},"90":{"start":{"line":189,"column":8},"end":{"line":189,"column":20}},"91":{"start":{"line":193,"column":0},"end":{"line":240,"column":2}},"92":{"start":{"line":194,"column":4},"end":{"line":239,"column":5}},"93":{"start":{"line":195,"column":24},"end":{"line":195,"column":51}},"94":{"start":{"line":198,"column":38},"end":{"line":228,"column":15}},"95":{"start":{"line":199,"column":28},"end":{"line":199,"column":49}},"96":{"start":{"line":202,"column":33},"end":{"line":202,"column":51}},"97":{"start":{"line":205,"column":27},"end":{"line":205,"column":62}},"98":{"start":{"line":206,"column":31},"end":{"line":206,"column":78}},"99":{"start":{"line":207,"column":25},"end":{"line":207,"column":102}},"100":{"start":{"line":210,"column":33},"end":{"line":217,"column":18}},"101":{"start":{"line":220,"column":16},"end":{"line":227,"column":17}},"102":{"start":{"line":221,"column":40},"end":{"line":221,"column":86}},"103":{"start":{"line":222,"column":37},"end":{"line":222,"column":51}},"104":{"start":{"line":223,"column":38},"end":{"line":223,"column":52}},"105":{"start":{"line":224,"column":20},"end":{"line":224,"column":51}},"106":{"start":{"line":226,"column":20},"end":{"line":226,"column":92}},"107":{"start":{"line":231,"column":22},"end":{"line":231,"column":105}},"108":{"start":{"line":233,"column":8},"end":{"line":233,"column":78}},"109":{"start":{"line":235,"column":8},"end":{"line":235,"column":37}},"110":{"start":{"line":237,"column":8},"end":{"line":237,"column":54}},"111":{"start":{"line":238,"column":8},"end":{"line":238,"column":20}},"112":{"start":{"line":243,"column":0},"end":{"line":290,"column":2}},"113":{"start":{"line":245,"column":4},"end":{"line":289,"column":5}},"114":{"start":{"line":246,"column":33},"end":{"line":246,"column":82}},"115":{"start":{"line":249,"column":38},"end":{"line":282,"column":15}},"116":{"start":{"line":250,"column":28},"end":{"line":250,"column":49}},"117":{"start":{"line":253,"column":36},"end":{"line":253,"column":62}},"118":{"start":{"line":254,"column":31},"end":{"line":254,"column":84}},"119":{"start":{"line":257,"column":33},"end":{"line":257,"column":96}},"120":{"start":{"line":258,"column":27},"end":{"line":258,"column":49}},"121":{"start":{"line":259,"column":25},"end":{"line":259,"column":47}},"122":{"start":{"line":261,"column":12},"end":{"line":261,"column":85}},"123":{"start":{"line":264,"column":33},"end":{"line":271,"column":18}},"124":{"start":{"line":274,"column":16},"end":{"line":281,"column":17}},"125":{"start":{"line":275,"column":40},"end":{"line":275,"column":86}},"126":{"start":{"line":276,"column":37},"end":{"line":276,"column":51}},"127":{"start":{"line":277,"column":38},"end":{"line":277,"column":52}},"128":{"start":{"line":278,"column":20},"end":{"line":278,"column":51}},"129":{"start":{"line":280,"column":20},"end":{"line":280,"column":92}},"130":{"start":{"line":284,"column":12},"end":{"line":284,"column":82}},"131":{"start":{"line":285,"column":8},"end":{"line":285,"column":37}},"132":{"start":{"line":287,"column":8},"end":{"line":287,"column":54}},"133":{"start":{"line":288,"column":8},"end":{"line":288,"column":20}},"134":{"start":{"line":293,"column":0},"end":{"line":311,"column":4}},"135":{"start":{"line":294,"column":4},"end":{"line":310,"column":5}},"136":{"start":{"line":295,"column":19},"end":{"line":295,"column":74}},"137":{"start":{"line":297,"column":55},"end":{"line":297,"column":59}},"138":{"start":{"line":299,"column":25},"end":{"line":299,"column":56}},"139":{"start":{"line":300,"column":26},"end":{"line":300,"column":75}},"140":{"start":{"line":302,"column":6},"end":{"line":306,"column":7}},"141":{"start":{"line":303,"column":8},"end":{"line":303,"column":83}},"142":{"start":{"line":304,"column":13},"end":{"line":306,"column":7}},"143":{"start":{"line":305,"column":8},"end":{"line":305,"column":76}},"144":{"start":{"line":308,"column":6},"end":{"line":308,"column":52}},"145":{"start":{"line":309,"column":6},"end":{"line":309,"column":18}},"146":{"start":{"line":315,"column":0},"end":{"line":356,"column":2}},"147":{"start":{"line":316,"column":4},"end":{"line":355,"column":5}},"148":{"start":{"line":317,"column":25},"end":{"line":322,"column":10}},"149":{"start":{"line":324,"column":21},"end":{"line":324,"column":34}},"150":{"start":{"line":325,"column":18},"end":{"line":325,"column":36}},"151":{"start":{"line":328,"column":20},"end":{"line":328,"column":62}},"152":{"start":{"line":331,"column":20},"end":{"line":331,"column":62}},"153":{"start":{"line":334,"column":27},"end":{"line":334,"column":89}},"154":{"start":{"line":337,"column":24},"end":{"line":337,"column":57}},"155":{"start":{"line":340,"column":28},"end":{"line":340,"column":73}},"156":{"start":{"line":341,"column":26},"end":{"line":341,"column":75}},"157":{"start":{"line":342,"column":24},"end":{"line":342,"column":55}},"158":{"start":{"line":345,"column":30},"end":{"line":345,"column":97}},"159":{"start":{"line":346,"column":7},"end":{"line":346,"column":61}},"160":{"start":{"line":348,"column":8},"end":{"line":348,"column":103}},"161":{"start":{"line":349,"column":7},"end":{"line":349,"column":27}},"162":{"start":{"line":350,"column":6},"end":{"line":350,"column":20}},"163":{"start":{"line":353,"column":8},"end":{"line":353,"column":50}},"164":{"start":{"line":354,"column":8},"end":{"line":354,"column":20}}},"fnMap":{"0":{"name":"formatDate","decl":{"start":{"line":11,"column":9},"end":{"line":11,"column":19}},"loc":{"start":{"line":11,"column":26},"end":{"line":16,"column":1}},"line":11},"1":{"name":"(anonymous_1)","decl":{"start":{"line":19,"column":21},"end":{"line":19,"column":22}},"loc":{"start":{"line":19,"column":33},"end":{"line":24,"column":1}},"line":19},"2":{"name":"(anonymous_2)","decl":{"start":{"line":27,"column":16},"end":{"line":27,"column":17}},"loc":{"start":{"line":27,"column":41},"end":{"line":41,"column":1}},"line":27},"3":{"name":"(anonymous_3)","decl":{"start":{"line":43,"column":20},"end":{"line":43,"column":21}},"loc":{"start":{"line":43,"column":62},"end":{"line":107,"column":1}},"line":43},"4":{"name":"(anonymous_4)","decl":{"start":{"line":94,"column":35},"end":{"line":94,"column":36}},"loc":{"start":{"line":94,"column":45},"end":{"line":98,"column":13}},"line":94},"5":{"name":"(anonymous_5)","decl":{"start":{"line":109,"column":22},"end":{"line":109,"column":23}},"loc":{"start":{"line":109,"column":71},"end":{"line":174,"column":1}},"line":109},"6":{"name":"(anonymous_6)","decl":{"start":{"line":161,"column":35},"end":{"line":161,"column":36}},"loc":{"start":{"line":161,"column":45},"end":{"line":165,"column":13}},"line":161},"7":{"name":"(anonymous_7)","decl":{"start":{"line":175,"column":18},"end":{"line":175,"column":19}},"loc":{"start":{"line":175,"column":49},"end":{"line":191,"column":1}},"line":175},"8":{"name":"(anonymous_8)","decl":{"start":{"line":193,"column":25},"end":{"line":193,"column":26}},"loc":{"start":{"line":193,"column":56},"end":{"line":240,"column":1}},"line":193},"9":{"name":"(anonymous_9)","decl":{"start":{"line":198,"column":68},"end":{"line":198,"column":69}},"loc":{"start":{"line":198,"column":84},"end":{"line":228,"column":13}},"line":198},"10":{"name":"(anonymous_10)","decl":{"start":{"line":243,"column":29},"end":{"line":243,"column":30}},"loc":{"start":{"line":243,"column":78},"end":{"line":290,"column":1}},"line":243},"11":{"name":"(anonymous_11)","decl":{"start":{"line":249,"column":68},"end":{"line":249,"column":69}},"loc":{"start":{"line":249,"column":84},"end":{"line":282,"column":13}},"line":249},"12":{"name":"(anonymous_12)","decl":{"start":{"line":293,"column":25},"end":{"line":293,"column":26}},"loc":{"start":{"line":293,"column":60},"end":{"line":311,"column":3}},"line":293},"13":{"name":"(anonymous_13)","decl":{"start":{"line":315,"column":30},"end":{"line":315,"column":31}},"loc":{"start":{"line":315,"column":52},"end":{"line":356,"column":1}},"line":315}},"branchMap":{"0":{"loc":{"start":{"line":53,"column":8},"end":{"line":62,"column":9}},"type":"if","locations":[{"start":{"line":53,"column":8},"end":{"line":62,"column":9}},{"start":{},"end":{}}],"line":53},"1":{"loc":{"start":{"line":65,"column":8},"end":{"line":85,"column":9}},"type":"if","locations":[{"start":{"line":65,"column":8},"end":{"line":85,"column":9}},{"start":{},"end":{}}],"line":65},"2":{"loc":{"start":{"line":93,"column":8},"end":{"line":99,"column":9}},"type":"if","locations":[{"start":{"line":93,"column":8},"end":{"line":99,"column":9}},{"start":{},"end":{}}],"line":93},"3":{"loc":{"start":{"line":119,"column":10},"end":{"line":128,"column":9}},"type":"if","locations":[{"start":{"line":119,"column":10},"end":{"line":128,"column":9}},{"start":{},"end":{}}],"line":119},"4":{"loc":{"start":{"line":131,"column":8},"end":{"line":151,"column":9}},"type":"if","locations":[{"start":{"line":131,"column":8},"end":{"line":151,"column":9}},{"start":{},"end":{}}],"line":131},"5":{"loc":{"start":{"line":160,"column":8},"end":{"line":166,"column":9}},"type":"if","locations":[{"start":{"line":160,"column":8},"end":{"line":166,"column":9}},{"start":{},"end":{}}],"line":160},"6":{"loc":{"start":{"line":220,"column":16},"end":{"line":227,"column":17}},"type":"if","locations":[{"start":{"line":220,"column":16},"end":{"line":227,"column":17}},{"start":{"line":225,"column":23},"end":{"line":227,"column":17}}],"line":220},"7":{"loc":{"start":{"line":220,"column":20},"end":{"line":220,"column":106}},"type":"binary-expr","locations":[{"start":{"line":220,"column":20},"end":{"line":220,"column":43}},{"start":{"line":220,"column":47},"end":{"line":220,"column":69}},{"start":{"line":220,"column":73},"end":{"line":220,"column":106}}],"line":220},"8":{"loc":{"start":{"line":254,"column":31},"end":{"line":254,"column":84}},"type":"cond-expr","locations":[{"start":{"line":254,"column":49},"end":{"line":254,"column":77}},{"start":{"line":254,"column":80},"end":{"line":254,"column":84}}],"line":254},"9":{"loc":{"start":{"line":257,"column":33},"end":{"line":257,"column":96}},"type":"cond-expr","locations":[{"start":{"line":257,"column":51},"end":{"line":257,"column":84}},{"start":{"line":257,"column":87},"end":{"line":257,"column":96}}],"line":257},"10":{"loc":{"start":{"line":274,"column":16},"end":{"line":281,"column":17}},"type":"if","locations":[{"start":{"line":274,"column":16},"end":{"line":281,"column":17}},{"start":{"line":279,"column":23},"end":{"line":281,"column":17}}],"line":274},"11":{"loc":{"start":{"line":274,"column":20},"end":{"line":274,"column":106}},"type":"binary-expr","locations":[{"start":{"line":274,"column":20},"end":{"line":274,"column":43}},{"start":{"line":274,"column":47},"end":{"line":274,"column":69}},{"start":{"line":274,"column":73},"end":{"line":274,"column":106}}],"line":274},"12":{"loc":{"start":{"line":302,"column":6},"end":{"line":306,"column":7}},"type":"if","locations":[{"start":{"line":302,"column":6},"end":{"line":306,"column":7}},{"start":{"line":304,"column":13},"end":{"line":306,"column":7}}],"line":302},"13":{"loc":{"start":{"line":304,"column":13},"end":{"line":306,"column":7}},"type":"if","locations":[{"start":{"line":304,"column":13},"end":{"line":306,"column":7}},{"start":{},"end":{}}],"line":304},"14":{"loc":{"start":{"line":342,"column":24},"end":{"line":342,"column":55}},"type":"cond-expr","locations":[{"start":{"line":342,"column":36},"end":{"line":342,"column":48}},{"start":{"line":342,"column":51},"end":{"line":342,"column":55}}],"line":342},"15":{"loc":{"start":{"line":345,"column":30},"end":{"line":345,"column":97}},"type":"cond-expr","locations":[{"start":{"line":345,"column":40},"end":{"line":345,"column":90}},{"start":{"line":345,"column":93},"end":{"line":345,"column":97}}],"line":345}},"s":{"0":1,"1":1,"2":1,"3":1,"4":1,"5":1,"6":0,"7":0,"8":0,"9":0,"10":1,"11":0,"12":0,"13":1,"14":0,"15":0,"16":0,"17":0,"18":0,"19":1,"20":0,"21":0,"22":0,"23":0,"24":0,"25":0,"26":0,"27":0,"28":0,"29":0,"30":0,"31":0,"32":0,"33":0,"34":0,"35":0,"36":0,"37":0,"38":0,"39":0,"40":0,"41":0,"42":0,"43":0,"44":0,"45":0,"46":0,"47":0,"48":0,"49":0,"50":1,"51":0,"52":0,"53":0,"54":0,"55":0,"56":0,"57":0,"58":0,"59":0,"60":0,"61":0,"62":0,"63":0,"64":0,"65":0,"66":0,"67":0,"68":0,"69":0,"70":0,"71":0,"72":0,"73":0,"74":0,"75":0,"76":0,"77":0,"78":0,"79":0,"80":0,"81":0,"82":0,"83":1,"84":0,"85":0,"86":0,"87":0,"88":0,"89":0,"90":0,"91":1,"92":0,"93":0,"94":0,"95":0,"96":0,"97":0,"98":0,"99":0,"100":0,"101":0,"102":0,"103":0,"104":0,"105":0,"106":0,"107":0,"108":0,"109":0,"110":0,"111":0,"112":1,"113":0,"114":0,"115":0,"116":0,"117":0,"118":0,"119":0,"120":0,"121":0,"122":0,"123":0,"124":0,"125":0,"126":0,"127":0,"128":0,"129":0,"130":0,"131":0,"132":0,"133":0,"134":1,"135":0,"136":0,"137":0,"138":0,"139":0,"140":0,"141":0,"142":0,"143":0,"144":0,"145":0,"146":1,"147":0,"148":0,"149":0,"150":0,"151":0,"152":0,"153":0,"154":0,"155":0,"156":0,"157":0,"158":0,"159":0,"160":0,"161":0,"162":0,"163":0,"164":0},"f":{"0":0,"1":0,"2":0,"3":0,"4":0,"5":0,"6":0,"7":0,"8":0,"9":0,"10":0,"11":0,"12":0,"13":0},"b":{"0":[0,0],"1":[0,0],"2":[0,0],"3":[0,0],"4":[0,0],"5":[0,0],"6":[0,0],"7":[0,0,0],"8":[0,0],"9":[0,0],"10":[0,0],"11":[0,0,0],"12":[0,0],"13":[0,0],"14":[0,0],"15":[0,0]},"_coverageSchema":"1a1c01bbd47fc00a2c39e90264f33305004495a9","hash":"3dadfe7192ae7bc0583ae3c7a0234d8e977208a0"}
,"C:\\Users\\axeld\\Projets\\node\\express\\HomeFinder\\services\\users.js": {"path":"C:\\Users\\axeld\\Projets\\node\\express\\HomeFinder\\services\\users.js","statementMap":{"0":{"start":{"line":5,"column":13},"end":{"line":5,"column":39}},"1":{"start":{"line":6,"column":13},"end":{"line":6,"column":30}},"2":{"start":{"line":7,"column":12},"end":{"line":7,"column":54}},"3":{"start":{"line":10,"column":0},"end":{"line":21,"column":2}},"4":{"start":{"line":11,"column":4},"end":{"line":14,"column":5}},"5":{"start":{"line":12,"column":8},"end":{"line":12,"column":51}},"6":{"start":{"line":13,"column":8},"end":{"line":13,"column":25}},"7":{"start":{"line":15,"column":4},"end":{"line":20,"column":5}},"8":{"start":{"line":16,"column":4},"end":{"line":16,"column":42}},"9":{"start":{"line":18,"column":8},"end":{"line":18,"column":49}},"10":{"start":{"line":19,"column":8},"end":{"line":19,"column":25}}},"fnMap":{"0":{"name":"(anonymous_0)","decl":{"start":{"line":10,"column":18},"end":{"line":10,"column":19}},"loc":{"start":{"line":10,"column":35},"end":{"line":21,"column":1}},"line":10}},"branchMap":{"0":{"loc":{"start":{"line":11,"column":4},"end":{"line":14,"column":5}},"type":"if","locations":[{"start":{"line":11,"column":4},"end":{"line":14,"column":5}},{"start":{},"end":{}}],"line":11}},"s":{"0":2,"1":2,"2":2,"3":2,"4":2,"5":0,"6":0,"7":2,"8":2,"9":0,"10":0},"f":{"0":2},"b":{"0":[0,2]},"_coverageSchema":"1a1c01bbd47fc00a2c39e90264f33305004495a9","hash":"c637438736213109ef8a54a3b4974e59d54718d5"}
}
