TN:
SF:app.js
FN:13,startServer
FN:43,normalizePort
FN:63,onError
FN:91,onListening
FNF:4
FNH:3
FNDA:1,startServer
FNDA:1,normalizePort
FNDA:0,onError
FNDA:1,onListening
DA:6,1
DA:7,1
DA:8,1
DA:9,1
DA:10,1
DA:17,1
DA:22,1
DA:23,1
DA:29,1
DA:35,1
DA:36,1
DA:37,1
DA:44,1
DA:46,1
DA:48,0
DA:51,1
DA:53,1
DA:56,0
DA:64,0
DA:65,0
DA:68,0
DA:73,0
DA:75,0
DA:76,0
DA:77,0
DA:79,0
DA:80,0
DA:81,0
DA:83,0
DA:92,1
DA:93,1
DA:95,1
DA:102,1
LF:33
LH:20
BRDA:22,0,0,1
BRDA:22,0,1,0
BRDA:46,1,0,0
BRDA:46,1,1,1
BRDA:51,2,0,1
BRDA:51,2,1,0
BRDA:64,3,0,0
BRDA:64,3,1,0
BRDA:68,4,0,0
BRDA:68,4,1,0
BRDA:73,5,0,0
BRDA:73,5,1,0
BRDA:73,5,2,0
BRDA:93,6,0,0
BRDA:93,6,1,1
BRF:15
BRH:4
end_of_record
TN:
SF:api\controllers\auth.js
FN:6,(anonymous_0)
FN:18,(anonymous_1)
FN:32,(anonymous_2)
FNF:3
FNH:3
FNDA:2,(anonymous_0)
FNDA:2,(anonymous_1)
FNDA:2,(anonymous_2)
DA:3,2
DA:4,2
DA:6,2
DA:7,2
DA:8,2
DA:9,2
DA:10,0
DA:11,0
DA:12,0
DA:14,2
DA:18,2
DA:19,2
DA:20,2
DA:21,2
DA:22,0
DA:25,0
DA:29,2
DA:32,2
DA:33,2
DA:34,2
DA:35,2
DA:36,0
DA:37,0
DA:39,2
LF:24
LH:17
BRF:0
BRH:0
end_of_record
TN:
SF:api\controllers\dpe.js
FN:9,(anonymous_0)
FN:25,(anonymous_1)
FN:43,(anonymous_2)
FN:65,(anonymous_3)
FN:82,(anonymous_4)
FN:101,(anonymous_5)
FNF:6
FNH:0
FNDA:0,(anonymous_0)
FNDA:0,(anonymous_1)
FNDA:0,(anonymous_2)
FNDA:0,(anonymous_3)
FNDA:0,(anonymous_4)
FNDA:0,(anonymous_5)
DA:5,1
DA:6,1
DA:9,1
DA:10,0
DA:11,0
DA:13,0
DA:15,0
DA:16,0
DA:18,0
DA:21,0
DA:25,1
DA:26,0
DA:27,0
DA:28,0
DA:29,0
DA:31,0
DA:32,0
DA:33,0
DA:34,0
DA:36,0
DA:39,0
DA:43,1
DA:44,0
DA:45,0
DA:46,0
DA:47,0
DA:48,0
DA:49,0
DA:51,0
DA:52,0
DA:53,0
DA:54,0
DA:56,0
DA:59,0
DA:65,1
DA:66,0
DA:68,0
DA:69,0
DA:70,0
DA:71,0
DA:73,0
DA:74,0
DA:75,0
DA:77,0
DA:78,0
DA:82,1
DA:83,0
DA:85,0
DA:86,0
DA:87,0
DA:88,0
DA:89,0
DA:90,0
DA:92,0
DA:93,0
DA:94,0
DA:96,0
DA:97,0
DA:101,1
DA:102,0
DA:104,0
DA:105,0
DA:107,0
DA:108,0
DA:109,0
DA:110,0
DA:112,0
DA:113,0
LF:68
LH:8
BRDA:15,0,0,0
BRDA:15,0,1,0
BRDA:33,1,0,0
BRDA:33,1,1,0
BRDA:53,2,0,0
BRDA:53,2,1,0
BRF:6
BRH:0
end_of_record
TN:
SF:api\controllers\users.js
FN:9,(anonymous_0)
FN:23,(anonymous_1)
FN:34,(anonymous_2)
FN:47,(anonymous_3)
FNF:4
FNH:0
FNDA:0,(anonymous_0)
FNDA:0,(anonymous_1)
FNDA:0,(anonymous_2)
FNDA:0,(anonymous_3)
DA:4,1
DA:5,1
DA:6,1
DA:7,1
DA:9,1
DA:10,0
DA:11,0
DA:13,0
DA:14,0
DA:15,0
DA:16,0
DA:18,0
DA:23,1
DA:24,0
DA:25,0
DA:26,0
DA:27,0
DA:29,0
DA:30,0
DA:34,1
DA:35,0
DA:36,0
DA:37,0
DA:38,0
DA:39,0
DA:40,0
DA:42,0
DA:43,0
DA:47,1
DA:48,0
DA:49,0
DA:51,0
DA:52,0
DA:53,0
DA:55,0
DA:56,0
LF:36
LH:8
BRDA:15,0,0,0
BRDA:15,0,1,0
BRF:2
BRH:0
end_of_record
TN:
SF:api\middlewares\authWithToken.js
FN:7,authenticateToken
FN:16,(anonymous_1)
FNF:2
FNH:0
FNDA:0,authenticateToken
FNDA:0,(anonymous_1)
DA:4,1
DA:8,0
DA:10,0
DA:13,0
DA:16,0
DA:17,0
DA:18,0
DA:21,0
DA:23,0
DA:26,1
LF:10
LH:2
BRDA:10,0,0,0
BRDA:10,0,1,0
BRDA:13,1,0,0
BRDA:13,1,1,0
BRDA:17,2,0,0
BRDA:17,2,1,0
BRF:6
BRH:0
end_of_record
TN:
SF:api\routes\auth.js
FNF:0
FNH:0
DA:3,1
DA:4,1
DA:5,1
DA:9,1
DA:10,1
DA:11,1
DA:13,1
LF:7
LH:7
BRF:0
BRH:0
end_of_record
TN:
SF:api\routes\dpe.js
FNF:0
FNH:0
DA:3,1
DA:4,1
DA:5,1
DA:6,1
DA:10,1
DA:11,1
DA:12,1
DA:16,1
DA:17,1
DA:19,1
DA:21,1
LF:11
LH:11
BRF:0
BRH:0
end_of_record
TN:
SF:api\routes\index.js
FNF:0
FNH:0
DA:3,1
DA:4,1
DA:5,1
DA:6,1
DA:7,1
DA:10,1
DA:11,1
DA:12,1
DA:20,1
LF:9
LH:9
BRF:0
BRH:0
end_of_record
TN:
SF:api\routes\users.js
FNF:0
FNH:0
DA:3,1
DA:4,1
DA:5,1
DA:6,1
DA:9,1
DA:10,1
DA:11,1
DA:12,1
DA:14,1
LF:9
LH:9
BRF:0
BRH:0
end_of_record
TN:
SF:config\index.js
FNF:0
FNH:0
DA:3,1
DA:6,1
DA:7,0
DA:14,1
LF:4
LH:3
BRDA:6,0,0,0
BRDA:6,0,1,1
BRF:2
BRH:1
end_of_record
TN:
SF:loaders\express.js
FN:31,(anonymous_0)
FN:36,(anonymous_1)
FN:51,(anonymous_2)
FN:54,(anonymous_3)
FN:59,(anonymous_4)
FN:62,(anonymous_5)
FNF:6
FNH:0
FNDA:0,(anonymous_0)
FNDA:0,(anonymous_1)
FNDA:0,(anonymous_2)
FNDA:0,(anonymous_3)
FNDA:0,(anonymous_4)
FNDA:0,(anonymous_5)
DA:1,1
DA:2,1
DA:3,1
DA:4,1
DA:5,1
DA:7,1
DA:8,1
DA:9,1
DA:10,1
DA:12,1
DA:13,1
DA:17,1
DA:18,1
DA:20,1
DA:21,1
DA:22,1
DA:23,1
DA:26,1
DA:27,1
DA:31,1
DA:32,0
DA:36,1
DA:38,0
DA:39,0
DA:42,0
DA:48,1
DA:51,1
DA:53,0
DA:56,0
DA:59,1
DA:61,0
DA:64,0
DA:68,1
DA:78,1
LF:34
LH:26
BRDA:39,0,0,0
BRDA:39,0,1,0
BRDA:42,1,0,0
BRDA:42,1,1,0
BRF:4
BRH:0
end_of_record
TN:
SF:loaders\mongoose.js
FN:13,(anonymous_0)
FN:29,(anonymous_1)
FN:34,(anonymous_2)
FN:42,(anonymous_3)
FN:46,(anonymous_4)
FNF:5
FNH:1
FNDA:0,(anonymous_0)
FNDA:1,(anonymous_1)
FNDA:0,(anonymous_2)
FNDA:0,(anonymous_3)
FNDA:0,(anonymous_4)
DA:4,1
DA:5,1
DA:6,1
DA:10,1
DA:13,1
DA:14,0
DA:15,0
DA:19,1
DA:20,0
DA:29,1
DA:31,1
DA:32,1
DA:34,1
DA:35,0
DA:36,0
DA:37,0
DA:38,0
DA:39,0
DA:42,1
DA:43,0
DA:44,0
DA:46,1
DA:47,0
DA:48,0
DA:49,0
DA:50,0
DA:51,0
DA:54,1
DA:56,0
DA:57,0
DA:58,0
DA:61,1
LF:32
LH:14
BRDA:19,0,0,0
BRDA:19,0,1,1
BRDA:38,1,0,0
BRDA:38,1,1,0
BRDA:38,2,0,0
BRDA:38,2,1,0
BRDA:50,3,0,0
BRDA:50,3,1,0
BRDA:50,4,0,0
BRDA:50,4,1,0
BRF:10
BRH:1
end_of_record
TN:
SF:models\dpe\index.js
FNF:0
FNH:0
DA:3,1
DA:5,1
DA:19,1
DA:22,1
DA:24,1
LF:5
LH:5
BRF:0
BRH:0
end_of_record
TN:
SF:models\search\index.js
FNF:0
FNH:0
DA:3,2
DA:5,2
DA:13,2
LF:3
LH:3
BRF:0
BRH:0
end_of_record
TN:
SF:models\users\index.js
FN:17,(anonymous_0)
FN:45,(anonymous_1)
FN:55,(anonymous_2)
FN:63,(anonymous_3)
FN:77,(anonymous_4)
FN:86,(anonymous_5)
FN:109,extractSearchParamsFromTitle
FNF:7
FNH:0
FNDA:0,(anonymous_0)
FNDA:0,(anonymous_1)
FNDA:0,(anonymous_2)
FNDA:0,(anonymous_3)
FNDA:0,(anonymous_4)
FNDA:0,(anonymous_5)
FNDA:0,extractSearchParamsFromTitle
DA:6,2
DA:7,2
DA:9,2
DA:17,2
DA:18,0
DA:19,0
DA:20,0
DA:23,0
DA:25,0
DA:28,0
DA:29,0
DA:36,0
DA:38,0
DA:39,0
DA:41,0
DA:45,2
DA:46,0
DA:47,0
DA:48,0
DA:51,0
DA:55,2
DA:56,0
DA:57,0
DA:58,0
DA:63,0
DA:64,0
DA:65,0
DA:68,0
DA:69,0
DA:71,0
DA:73,0
DA:77,2
DA:78,0
DA:80,0
DA:81,0
DA:82,0
DA:86,0
DA:87,0
DA:88,0
DA:92,0
DA:93,0
DA:96,0
DA:98,0
DA:99,0
DA:101,0
DA:103,0
DA:104,0
DA:111,0
DA:112,0
DA:113,0
DA:122,0
DA:126,2
LF:52
LH:8
BRDA:19,0,0,0
BRDA:19,0,1,0
BRDA:25,1,0,0
BRDA:25,1,1,0
BRDA:47,2,0,0
BRDA:47,2,1,0
BRDA:57,3,0,0
BRDA:57,3,1,0
BRDA:64,4,0,0
BRDA:64,4,1,0
BRDA:81,5,0,0
BRDA:81,5,1,0
BRDA:87,6,0,0
BRDA:87,6,1,0
BRDA:112,7,0,0
BRDA:112,7,1,0
BRF:16
BRH:0
end_of_record
TN:
SF:services\auth.js
FN:13,generateAccessToken
FN:19,generateRefreshToken
FN:24,authenticate
FN:32,(anonymous_3)
FN:68,(anonymous_4)
FN:90,(anonymous_5)
FN:96,(anonymous_6)
FN:97,(anonymous_7)
FNF:8
FNH:8
FNDA:1,generateAccessToken
FNDA:1,generateRefreshToken
FNDA:2,authenticate
FNDA:3,(anonymous_3)
FNDA:2,(anonymous_4)
FNDA:2,(anonymous_5)
FNDA:2,(anonymous_6)
FNDA:2,(anonymous_7)
DA:3,2
DA:4,2
DA:5,2
DA:6,2
DA:7,2
DA:8,2
DA:14,1
DA:16,1
DA:20,1
DA:21,1
DA:25,2
DA:26,1
DA:29,2
DA:32,2
DA:33,3
DA:34,3
DA:35,3
DA:37,3
DA:38,1
DA:39,1
DA:43,2
DA:45,2
DA:48,2
DA:49,2
DA:51,2
DA:52,2
DA:58,2
DA:59,1
DA:60,1
DA:62,1
DA:63,1
DA:68,2
DA:69,2
DA:70,2
DA:72,2
DA:73,0
DA:76,1
DA:77,1
DA:79,1
DA:84,1
DA:90,2
DA:91,2
DA:92,2
DA:93,0
DA:96,2
DA:97,2
DA:98,2
DA:99,2
DA:101,0
DA:107,0
DA:108,0
LF:51
LH:46
BRDA:37,0,0,1
BRDA:37,0,1,2
BRDA:45,1,0,2
BRDA:45,1,1,0
BRDA:72,2,0,0
BRDA:72,2,1,1
BRDA:72,3,0,2
BRDA:72,3,1,2
BRDA:92,4,0,0
BRDA:92,4,1,2
BRDA:98,5,0,2
BRDA:98,5,1,0
BRF:12
BRH:8
end_of_record
TN:
SF:services\dpe.js
FN:11,formatDate
FN:19,(anonymous_1)
FN:27,(anonymous_2)
FN:43,(anonymous_3)
FN:94,(anonymous_4)
FN:109,(anonymous_5)
FN:161,(anonymous_6)
FN:175,(anonymous_7)
FN:193,(anonymous_8)
FN:198,(anonymous_9)
FN:243,(anonymous_10)
FN:249,(anonymous_11)
FN:293,(anonymous_12)
FN:315,(anonymous_13)
FNF:14
FNH:0
FNDA:0,formatDate
FNDA:0,(anonymous_1)
FNDA:0,(anonymous_2)
FNDA:0,(anonymous_3)
FNDA:0,(anonymous_4)
FNDA:0,(anonymous_5)
FNDA:0,(anonymous_6)
FNDA:0,(anonymous_7)
FNDA:0,(anonymous_8)
FNDA:0,(anonymous_9)
FNDA:0,(anonymous_10)
FNDA:0,(anonymous_11)
FNDA:0,(anonymous_12)
FNDA:0,(anonymous_13)
DA:3,1
DA:4,1
DA:5,1
DA:6,1
DA:7,1
DA:9,1
DA:12,0
DA:13,0
DA:14,0
DA:15,0
DA:19,1
DA:21,0
DA:23,0
DA:27,1
DA:28,0
DA:29,0
DA:36,0
DA:38,0
DA:39,0
DA:43,1
DA:44,0
DA:45,0
DA:46,0
DA:53,0
DA:55,0
DA:56,0
DA:58,0
DA:59,0
DA:60,0
DA:61,0
DA:65,0
DA:66,0
DA:67,0
DA:70,0
DA:71,0
DA:73,0
DA:74,0
DA:76,0
DA:77,0
DA:80,0
DA:90,0
DA:91,0
DA:93,0
DA:94,0
DA:95,0
DA:96,0
DA:97,0
DA:102,0
DA:104,0
DA:105,0
DA:109,1
DA:110,0
DA:111,0
DA:112,0
DA:119,0
DA:121,0
DA:122,0
DA:124,0
DA:125,0
DA:126,0
DA:127,0
DA:131,0
DA:132,0
DA:133,0
DA:136,0
DA:137,0
DA:139,0
DA:140,0
DA:142,0
DA:143,0
DA:146,0
DA:152,0
DA:157,0
DA:158,0
DA:160,0
DA:161,0
DA:162,0
DA:163,0
DA:164,0
DA:168,0
DA:169,0
DA:171,0
DA:172,0
DA:175,1
DA:176,0
DA:177,0
DA:183,0
DA:185,0
DA:186,0
DA:188,0
DA:189,0
DA:193,1
DA:194,0
DA:195,0
DA:198,0
DA:199,0
DA:202,0
DA:205,0
DA:206,0
DA:207,0
DA:210,0
DA:220,0
DA:221,0
DA:222,0
DA:223,0
DA:224,0
DA:226,0
DA:231,0
DA:233,0
DA:235,0
DA:237,0
DA:238,0
DA:243,1
DA:245,0
DA:246,0
DA:249,0
DA:250,0
DA:253,0
DA:254,0
DA:257,0
DA:258,0
DA:259,0
DA:261,0
DA:264,0
DA:274,0
DA:275,0
DA:276,0
DA:277,0
DA:278,0
DA:280,0
DA:284,0
DA:285,0
DA:287,0
DA:288,0
DA:293,1
DA:294,0
DA:295,0
DA:297,0
DA:299,0
DA:300,0
DA:302,0
DA:303,0
DA:304,0
DA:305,0
DA:308,0
DA:309,0
DA:315,1
DA:316,0
DA:317,0
DA:324,0
DA:325,0
DA:328,0
DA:331,0
DA:334,0
DA:337,0
DA:340,0
DA:341,0
DA:342,0
DA:345,0
DA:346,0
DA:348,0
DA:349,0
DA:350,0
DA:353,0
DA:354,0
LF:165
LH:15
BRDA:53,0,0,0
BRDA:53,0,1,0
BRDA:65,1,0,0
BRDA:65,1,1,0
BRDA:93,2,0,0
BRDA:93,2,1,0
BRDA:119,3,0,0
BRDA:119,3,1,0
BRDA:131,4,0,0
BRDA:131,4,1,0
BRDA:160,5,0,0
BRDA:160,5,1,0
BRDA:220,6,0,0
BRDA:220,6,1,0
BRDA:220,7,0,0
BRDA:220,7,1,0
BRDA:220,7,2,0
BRDA:254,8,0,0
BRDA:254,8,1,0
BRDA:257,9,0,0
BRDA:257,9,1,0
BRDA:274,10,0,0
BRDA:274,10,1,0
BRDA:274,11,0,0
BRDA:274,11,1,0
BRDA:274,11,2,0
BRDA:302,12,0,0
BRDA:302,12,1,0
BRDA:304,13,0,0
BRDA:304,13,1,0
BRDA:342,14,0,0
BRDA:342,14,1,0
BRDA:345,15,0,0
BRDA:345,15,1,0
BRF:34
BRH:0
end_of_record
TN:
SF:services\users.js
FN:10,(anonymous_0)
FNF:1
FNH:1
FNDA:2,(anonymous_0)
DA:5,2
DA:6,2
DA:7,2
DA:10,2
DA:11,2
DA:12,0
DA:13,0
DA:15,2
DA:16,2
DA:18,0
DA:19,0
LF:11
LH:7
BRDA:11,0,0,0
BRDA:11,0,1,2
BRF:2
BRH:1
end_of_record
